{"/Users/martingagne/Documents/Web/bitfinex-bot/backend/controllers/AppController.js": {"path":"/Users/martingagne/Documents/Web/bitfinex-bot/backend/controllers/AppController.js","statementMap":{"0":{"start":{"line":3,"column":4},"end":{"line":3,"column":22}}},"fnMap":{"0":{"name":"(anonymous_0)","decl":{"start":{"line":2,"column":2},"end":{"line":2,"column":3}},"loc":{"start":{"line":2,"column":21},"end":{"line":4,"column":3}},"line":2}},"branchMap":{},"s":{"0":6},"f":{"0":6},"b":{},"_coverageSchema":"1a1c01bbd47fc00a2c39e90264f33305004495a9","hash":"3028e472b97ea76d20b9db73073b7c2e1ed7cb93"}
,"/Users/martingagne/Documents/Web/bitfinex-bot/backend/controllers/CandleController.js": {"path":"/Users/martingagne/Documents/Web/bitfinex-bot/backend/controllers/CandleController.js","statementMap":{"0":{"start":{"line":9,"column":4},"end":{"line":9,"column":16}},"1":{"start":{"line":11,"column":4},"end":{"line":11,"column":16}},"2":{"start":{"line":19,"column":16},"end":{"line":21,"column":3}},"3":{"start":{"line":20,"column":4},"end":{"line":20,"column":32}},"4":{"start":{"line":73,"column":14},"end":{"line":75,"column":3}},"5":{"start":{"line":74,"column":4},"end":{"line":74,"column":34}},"6":{"start":{"line":77,"column":10},"end":{"line":109,"column":3}},"7":{"start":{"line":78,"column":20},"end":{"line":78,"column":21}},"8":{"start":{"line":79,"column":23},"end":{"line":79,"column":27}},"9":{"start":{"line":80,"column":19},"end":{"line":80,"column":28}},"10":{"start":{"line":82,"column":16},"end":{"line":82,"column":26}},"11":{"start":{"line":83,"column":24},"end":{"line":83,"column":60}},"12":{"start":{"line":85,"column":19},"end":{"line":85,"column":53}},"13":{"start":{"line":86,"column":17},"end":{"line":86,"column":70}},"14":{"start":{"line":87,"column":19},"end":{"line":87,"column":61}},"15":{"start":{"line":89,"column":16},"end":{"line":89,"column":38}},"16":{"start":{"line":91,"column":4},"end":{"line":108,"column":8}},"17":{"start":{"line":93,"column":8},"end":{"line":104,"column":9}},"18":{"start":{"line":94,"column":10},"end":{"line":94,"column":75}},"19":{"start":{"line":95,"column":10},"end":{"line":95,"column":76}},"20":{"start":{"line":95,"column":63},"end":{"line":95,"column":75}},"21":{"start":{"line":96,"column":10},"end":{"line":96,"column":38}},"22":{"start":{"line":101,"column":10},"end":{"line":101,"column":59}},"23":{"start":{"line":103,"column":10},"end":{"line":103,"column":68}},"24":{"start":{"line":107,"column":8},"end":{"line":107,"column":24}}},"fnMap":{"0":{"name":"(anonymous_0)","decl":{"start":{"line":8,"column":2},"end":{"line":8,"column":3}},"loc":{"start":{"line":8,"column":21},"end":{"line":12,"column":3}},"line":8},"1":{"name":"(anonymous_1)","decl":{"start":{"line":19,"column":16},"end":{"line":19,"column":17}},"loc":{"start":{"line":19,"column":24},"end":{"line":21,"column":3}},"line":19},"2":{"name":"(anonymous_2)","decl":{"start":{"line":73,"column":14},"end":{"line":73,"column":15}},"loc":{"start":{"line":73,"column":20},"end":{"line":75,"column":3}},"line":73},"3":{"name":"(anonymous_3)","decl":{"start":{"line":77,"column":10},"end":{"line":77,"column":11}},"loc":{"start":{"line":77,"column":22},"end":{"line":109,"column":3}},"line":77},"4":{"name":"(anonymous_4)","decl":{"start":{"line":92,"column":12},"end":{"line":92,"column":13}},"loc":{"start":{"line":92,"column":24},"end":{"line":105,"column":7}},"line":92},"5":{"name":"(anonymous_5)","decl":{"start":{"line":95,"column":53},"end":{"line":95,"column":54}},"loc":{"start":{"line":95,"column":63},"end":{"line":95,"column":75}},"line":95},"6":{"name":"(anonymous_6)","decl":{"start":{"line":106,"column":13},"end":{"line":106,"column":14}},"loc":{"start":{"line":106,"column":18},"end":{"line":108,"column":7}},"line":106}},"branchMap":{"0":{"loc":{"start":{"line":93,"column":8},"end":{"line":104,"column":9}},"type":"if","locations":[{"start":{"line":93,"column":8},"end":{"line":104,"column":9}},{"start":{"line":93,"column":8},"end":{"line":104,"column":9}}],"line":93}},"s":{"0":2,"1":2,"2":2,"3":1,"4":2,"5":1,"6":2,"7":3,"8":3,"9":3,"10":3,"11":3,"12":3,"13":3,"14":3,"15":3,"16":3,"17":2,"18":2,"19":2,"20":1726,"21":2,"22":0,"23":0,"24":2},"f":{"0":2,"1":1,"2":1,"3":3,"4":2,"5":1726,"6":2},"b":{"0":[2,0]},"_coverageSchema":"1a1c01bbd47fc00a2c39e90264f33305004495a9","hash":"83b89b6130f80c7b293c23dd0bd2322e231a7aec"}
,"/Users/martingagne/Documents/Web/bitfinex-bot/backend/controllers/SocketExchangeController.js": {"path":"/Users/martingagne/Documents/Web/bitfinex-bot/backend/controllers/SocketExchangeController.js","statementMap":{"0":{"start":{"line":7,"column":4},"end":{"line":7,"column":16}},"1":{"start":{"line":15,"column":12},"end":{"line":39,"column":3}},"2":{"start":{"line":16,"column":4},"end":{"line":38,"column":5}},"3":{"start":{"line":17,"column":20},"end":{"line":17,"column":52}},"4":{"start":{"line":19,"column":6},"end":{"line":35,"column":7}},"5":{"start":{"line":20,"column":21},"end":{"line":20,"column":61}},"6":{"start":{"line":22,"column":10},"end":{"line":32,"column":12}},"7":{"start":{"line":23,"column":12},"end":{"line":23,"column":36}},"8":{"start":{"line":25,"column":12},"end":{"line":25,"column":64}},"9":{"start":{"line":27,"column":12},"end":{"line":31,"column":14}},"10":{"start":{"line":28,"column":28},"end":{"line":28,"column":43}},"11":{"start":{"line":30,"column":14},"end":{"line":30,"column":51}},"12":{"start":{"line":34,"column":8},"end":{"line":34,"column":113}},"13":{"start":{"line":37,"column":6},"end":{"line":37,"column":23}}},"fnMap":{"0":{"name":"(anonymous_0)","decl":{"start":{"line":6,"column":2},"end":{"line":6,"column":3}},"loc":{"start":{"line":6,"column":21},"end":{"line":8,"column":3}},"line":6},"1":{"name":"(anonymous_1)","decl":{"start":{"line":15,"column":12},"end":{"line":15,"column":13}},"loc":{"start":{"line":15,"column":20},"end":{"line":39,"column":3}},"line":15},"2":{"name":"(anonymous_2)","decl":{"start":{"line":22,"column":24},"end":{"line":22,"column":25}},"loc":{"start":{"line":22,"column":30},"end":{"line":32,"column":11}},"line":22},"3":{"name":"(anonymous_3)","decl":{"start":{"line":27,"column":29},"end":{"line":27,"column":30}},"loc":{"start":{"line":27,"column":36},"end":{"line":31,"column":13}},"line":27}},"branchMap":{"0":{"loc":{"start":{"line":19,"column":6},"end":{"line":35,"column":7}},"type":"if","locations":[{"start":{"line":19,"column":6},"end":{"line":35,"column":7}},{"start":{"line":19,"column":6},"end":{"line":35,"column":7}}],"line":19}},"s":{"0":2,"1":2,"2":0,"3":0,"4":0,"5":0,"6":0,"7":0,"8":0,"9":0,"10":0,"11":0,"12":0,"13":0},"f":{"0":2,"1":0,"2":0,"3":0},"b":{"0":[0,0]},"_coverageSchema":"1a1c01bbd47fc00a2c39e90264f33305004495a9","hash":"a473f77d7fdd214b2715089d6496b7cd4a0b9b63"}
,"/Users/martingagne/Documents/Web/bitfinex-bot/backend/controllers/TradingController.js": {"path":"/Users/martingagne/Documents/Web/bitfinex-bot/backend/controllers/TradingController.js","statementMap":{"0":{"start":{"line":8,"column":4},"end":{"line":8,"column":16}},"1":{"start":{"line":10,"column":4},"end":{"line":10,"column":22}},"2":{"start":{"line":18,"column":16},"end":{"line":25,"column":3}},"3":{"start":{"line":20,"column":4},"end":{"line":22,"column":5}},"4":{"start":{"line":21,"column":6},"end":{"line":21,"column":48}},"5":{"start":{"line":24,"column":4},"end":{"line":24,"column":32}},"6":{"start":{"line":32,"column":22},"end":{"line":34,"column":3}},"7":{"start":{"line":33,"column":4},"end":{"line":33,"column":45}},"8":{"start":{"line":39,"column":16},"end":{"line":51,"column":3}},"9":{"start":{"line":40,"column":20},"end":{"line":40,"column":33}},"10":{"start":{"line":41,"column":29},"end":{"line":41,"column":71}},"11":{"start":{"line":42,"column":19},"end":{"line":42,"column":30}},"12":{"start":{"line":44,"column":4},"end":{"line":50,"column":8}},"13":{"start":{"line":46,"column":8},"end":{"line":46,"column":38}},"14":{"start":{"line":49,"column":8},"end":{"line":49,"column":24}},"15":{"start":{"line":58,"column":15},"end":{"line":60,"column":3}},"16":{"start":{"line":59,"column":4},"end":{"line":59,"column":29}},"17":{"start":{"line":67,"column":15},"end":{"line":69,"column":3}},"18":{"start":{"line":68,"column":4},"end":{"line":68,"column":29}},"19":{"start":{"line":76,"column":14},"end":{"line":78,"column":3}},"20":{"start":{"line":77,"column":4},"end":{"line":77,"column":28}},"21":{"start":{"line":80,"column":13},"end":{"line":111,"column":3}},"22":{"start":{"line":81,"column":19},"end":{"line":81,"column":43}},"23":{"start":{"line":82,"column":22},"end":{"line":82,"column":82}},"24":{"start":{"line":82,"column":56},"end":{"line":82,"column":81}},"25":{"start":{"line":83,"column":22},"end":{"line":83,"column":82}},"26":{"start":{"line":83,"column":56},"end":{"line":83,"column":81}},"27":{"start":{"line":84,"column":25},"end":{"line":84,"column":55}},"28":{"start":{"line":86,"column":4},"end":{"line":110,"column":5}},"29":{"start":{"line":87,"column":20},"end":{"line":87,"column":41}},"30":{"start":{"line":88,"column":21},"end":{"line":88,"column":114}},"31":{"start":{"line":90,"column":6},"end":{"line":109,"column":7}},"32":{"start":{"line":91,"column":23},"end":{"line":98,"column":9}},"33":{"start":{"line":99,"column":33},"end":{"line":99,"column":77}},"34":{"start":{"line":100,"column":23},"end":{"line":100,"column":34}},"35":{"start":{"line":102,"column":8},"end":{"line":108,"column":10}},"36":{"start":{"line":104,"column":10},"end":{"line":104,"column":31}},"37":{"start":{"line":107,"column":10},"end":{"line":107,"column":40}}},"fnMap":{"0":{"name":"(anonymous_0)","decl":{"start":{"line":7,"column":2},"end":{"line":7,"column":3}},"loc":{"start":{"line":7,"column":21},"end":{"line":11,"column":3}},"line":7},"1":{"name":"(anonymous_1)","decl":{"start":{"line":18,"column":16},"end":{"line":18,"column":17}},"loc":{"start":{"line":18,"column":24},"end":{"line":25,"column":3}},"line":18},"2":{"name":"(anonymous_2)","decl":{"start":{"line":32,"column":22},"end":{"line":32,"column":23}},"loc":{"start":{"line":32,"column":30},"end":{"line":34,"column":3}},"line":32},"3":{"name":"(anonymous_3)","decl":{"start":{"line":39,"column":16},"end":{"line":39,"column":17}},"loc":{"start":{"line":39,"column":22},"end":{"line":51,"column":3}},"line":39},"4":{"name":"(anonymous_4)","decl":{"start":{"line":45,"column":12},"end":{"line":45,"column":13}},"loc":{"start":{"line":45,"column":19},"end":{"line":47,"column":7}},"line":45},"5":{"name":"(anonymous_5)","decl":{"start":{"line":48,"column":13},"end":{"line":48,"column":14}},"loc":{"start":{"line":48,"column":18},"end":{"line":50,"column":7}},"line":48},"6":{"name":"(anonymous_6)","decl":{"start":{"line":58,"column":15},"end":{"line":58,"column":16}},"loc":{"start":{"line":58,"column":21},"end":{"line":60,"column":3}},"line":58},"7":{"name":"(anonymous_7)","decl":{"start":{"line":67,"column":15},"end":{"line":67,"column":16}},"loc":{"start":{"line":67,"column":21},"end":{"line":69,"column":3}},"line":67},"8":{"name":"(anonymous_8)","decl":{"start":{"line":76,"column":14},"end":{"line":76,"column":15}},"loc":{"start":{"line":76,"column":20},"end":{"line":78,"column":3}},"line":76},"9":{"name":"(anonymous_9)","decl":{"start":{"line":80,"column":13},"end":{"line":80,"column":14}},"loc":{"start":{"line":80,"column":21},"end":{"line":111,"column":3}},"line":80},"10":{"name":"(anonymous_10)","decl":{"start":{"line":82,"column":46},"end":{"line":82,"column":47}},"loc":{"start":{"line":82,"column":56},"end":{"line":82,"column":81}},"line":82},"11":{"name":"(anonymous_11)","decl":{"start":{"line":83,"column":46},"end":{"line":83,"column":47}},"loc":{"start":{"line":83,"column":56},"end":{"line":83,"column":81}},"line":83},"12":{"name":"(anonymous_12)","decl":{"start":{"line":103,"column":14},"end":{"line":103,"column":15}},"loc":{"start":{"line":103,"column":21},"end":{"line":105,"column":9}},"line":103},"13":{"name":"(anonymous_13)","decl":{"start":{"line":106,"column":15},"end":{"line":106,"column":16}},"loc":{"start":{"line":106,"column":20},"end":{"line":108,"column":9}},"line":106}},"branchMap":{"0":{"loc":{"start":{"line":20,"column":4},"end":{"line":22,"column":5}},"type":"if","locations":[{"start":{"line":20,"column":4},"end":{"line":22,"column":5}},{"start":{"line":20,"column":4},"end":{"line":22,"column":5}}],"line":20},"1":{"loc":{"start":{"line":20,"column":8},"end":{"line":20,"column":53}},"type":"binary-expr","locations":[{"start":{"line":20,"column":8},"end":{"line":20,"column":29}},{"start":{"line":20,"column":33},"end":{"line":20,"column":53}}],"line":20},"2":{"loc":{"start":{"line":84,"column":25},"end":{"line":84,"column":55}},"type":"cond-expr","locations":[{"start":{"line":84,"column":34},"end":{"line":84,"column":43}},{"start":{"line":84,"column":46},"end":{"line":84,"column":55}}],"line":84},"3":{"loc":{"start":{"line":86,"column":4},"end":{"line":110,"column":5}},"type":"if","locations":[{"start":{"line":86,"column":4},"end":{"line":110,"column":5}},{"start":{"line":86,"column":4},"end":{"line":110,"column":5}}],"line":86},"4":{"loc":{"start":{"line":86,"column":8},"end":{"line":86,"column":86}},"type":"binary-expr","locations":[{"start":{"line":86,"column":8},"end":{"line":86,"column":47}},{"start":{"line":86,"column":51},"end":{"line":86,"column":86}}],"line":86},"5":{"loc":{"start":{"line":88,"column":22},"end":{"line":88,"column":102}},"type":"cond-expr","locations":[{"start":{"line":88,"column":31},"end":{"line":88,"column":59}},{"start":{"line":88,"column":62},"end":{"line":88,"column":102}}],"line":88},"6":{"loc":{"start":{"line":90,"column":6},"end":{"line":109,"column":7}},"type":"if","locations":[{"start":{"line":90,"column":6},"end":{"line":109,"column":7}},{"start":{"line":90,"column":6},"end":{"line":109,"column":7}}],"line":90}},"s":{"0":2,"1":2,"2":2,"3":0,"4":0,"5":0,"6":2,"7":0,"8":2,"9":2,"10":2,"11":2,"12":2,"13":0,"14":2,"15":2,"16":1,"17":2,"18":1,"19":2,"20":1,"21":2,"22":0,"23":0,"24":0,"25":0,"26":0,"27":0,"28":0,"29":0,"30":0,"31":0,"32":0,"33":0,"34":0,"35":0,"36":0,"37":0},"f":{"0":2,"1":0,"2":0,"3":2,"4":0,"5":2,"6":1,"7":1,"8":1,"9":0,"10":0,"11":0,"12":0,"13":0},"b":{"0":[0,0],"1":[0,0],"2":[0,0],"3":[0,0],"4":[0,0],"5":[0,0],"6":[0,0]},"_coverageSchema":"1a1c01bbd47fc00a2c39e90264f33305004495a9","hash":"12904c43ea8641cecd1524b4e709b1fe2f96d960"}
,"/Users/martingagne/Documents/Web/bitfinex-bot/backend/controllers/index.js": {"path":"/Users/martingagne/Documents/Web/bitfinex-bot/backend/controllers/index.js","statementMap":{},"fnMap":{},"branchMap":{},"s":{},"f":{},"b":{},"_coverageSchema":"1a1c01bbd47fc00a2c39e90264f33305004495a9","hash":"3c7fb2a9f4eee3a1ca7bcb201f9df57eaa5b7861"}
,"/Users/martingagne/Documents/Web/bitfinex-bot/backend/models/Candle.js": {"path":"/Users/martingagne/Documents/Web/bitfinex-bot/backend/models/Candle.js","statementMap":{"0":{"start":{"line":7,"column":4},"end":{"line":7,"column":21}},"1":{"start":{"line":8,"column":4},"end":{"line":8,"column":20}},"2":{"start":{"line":14,"column":20},"end":{"line":21,"column":3}},"3":{"start":{"line":15,"column":4},"end":{"line":15,"column":19}},"4":{"start":{"line":16,"column":4},"end":{"line":16,"column":20}},"5":{"start":{"line":17,"column":4},"end":{"line":17,"column":19}},"6":{"start":{"line":18,"column":4},"end":{"line":18,"column":30}},"7":{"start":{"line":19,"column":4},"end":{"line":19,"column":23}},"8":{"start":{"line":20,"column":4},"end":{"line":20,"column":24}},"9":{"start":{"line":26,"column":13},"end":{"line":47,"column":3}},"10":{"start":{"line":27,"column":20},"end":{"line":27,"column":30}},"11":{"start":{"line":28,"column":18},"end":{"line":31,"column":5}},"12":{"start":{"line":32,"column":16},"end":{"line":32,"column":36}},"13":{"start":{"line":33,"column":23},"end":{"line":33,"column":55}},"14":{"start":{"line":35,"column":15},"end":{"line":35,"column":16}},"15":{"start":{"line":36,"column":4},"end":{"line":46,"column":5}},"16":{"start":{"line":36,"column":17},"end":{"line":36,"column":18}},"17":{"start":{"line":37,"column":21},"end":{"line":37,"column":36}},"18":{"start":{"line":39,"column":6},"end":{"line":45,"column":7}},"19":{"start":{"line":40,"column":8},"end":{"line":40,"column":30}},"20":{"start":{"line":42,"column":8},"end":{"line":42,"column":14}},"21":{"start":{"line":44,"column":8},"end":{"line":44,"column":25}},"22":{"start":{"line":52,"column":14},"end":{"line":79,"column":3}},"23":{"start":{"line":54,"column":21},"end":{"line":54,"column":31}},"24":{"start":{"line":55,"column":18},"end":{"line":62,"column":5}},"25":{"start":{"line":64,"column":17},"end":{"line":64,"column":38}},"26":{"start":{"line":65,"column":23},"end":{"line":65,"column":56}},"27":{"start":{"line":67,"column":15},"end":{"line":67,"column":16}},"28":{"start":{"line":68,"column":4},"end":{"line":78,"column":5}},"29":{"start":{"line":68,"column":17},"end":{"line":68,"column":18}},"30":{"start":{"line":69,"column":21},"end":{"line":69,"column":36}},"31":{"start":{"line":71,"column":6},"end":{"line":77,"column":7}},"32":{"start":{"line":72,"column":8},"end":{"line":72,"column":32}},"33":{"start":{"line":74,"column":8},"end":{"line":74,"column":14}},"34":{"start":{"line":76,"column":8},"end":{"line":76,"column":26}},"35":{"start":{"line":84,"column":24},"end":{"line":112,"column":3}},"36":{"start":{"line":85,"column":33},"end":{"line":85,"column":43}},"37":{"start":{"line":87,"column":4},"end":{"line":111,"column":5}},"38":{"start":{"line":87,"column":17},"end":{"line":87,"column":18}},"39":{"start":{"line":88,"column":21},"end":{"line":88,"column":36}},"40":{"start":{"line":90,"column":6},"end":{"line":90,"column":27}},"41":{"start":{"line":91,"column":6},"end":{"line":91,"column":27}},"42":{"start":{"line":93,"column":6},"end":{"line":110,"column":7}},"43":{"start":{"line":94,"column":23},"end":{"line":94,"column":51}},"44":{"start":{"line":96,"column":8},"end":{"line":101,"column":10}},"45":{"start":{"line":97,"column":36},"end":{"line":97,"column":46}},"46":{"start":{"line":98,"column":37},"end":{"line":98,"column":48}},"47":{"start":{"line":99,"column":36},"end":{"line":99,"column":46}},"48":{"start":{"line":100,"column":35},"end":{"line":100,"column":44}},"49":{"start":{"line":103,"column":8},"end":{"line":108,"column":10}},"50":{"start":{"line":104,"column":36},"end":{"line":104,"column":46}},"51":{"start":{"line":105,"column":37},"end":{"line":105,"column":48}},"52":{"start":{"line":106,"column":36},"end":{"line":106,"column":46}},"53":{"start":{"line":107,"column":35},"end":{"line":107,"column":44}},"54":{"start":{"line":117,"column":13},"end":{"line":139,"column":3}},"55":{"start":{"line":118,"column":20},"end":{"line":118,"column":30}},"56":{"start":{"line":119,"column":18},"end":{"line":122,"column":5}},"57":{"start":{"line":124,"column":16},"end":{"line":124,"column":36}},"58":{"start":{"line":125,"column":23},"end":{"line":125,"column":55}},"59":{"start":{"line":127,"column":15},"end":{"line":127,"column":16}},"60":{"start":{"line":128,"column":4},"end":{"line":138,"column":5}},"61":{"start":{"line":128,"column":17},"end":{"line":128,"column":18}},"62":{"start":{"line":129,"column":21},"end":{"line":129,"column":36}},"63":{"start":{"line":131,"column":6},"end":{"line":137,"column":7}},"64":{"start":{"line":132,"column":8},"end":{"line":132,"column":30}},"65":{"start":{"line":134,"column":8},"end":{"line":134,"column":14}},"66":{"start":{"line":136,"column":8},"end":{"line":136,"column":25}},"67":{"start":{"line":144,"column":17},"end":{"line":152,"column":3}},"68":{"start":{"line":145,"column":23},"end":{"line":145,"column":33}},"69":{"start":{"line":146,"column":38},"end":{"line":146,"column":59}},"70":{"start":{"line":148,"column":18},"end":{"line":148,"column":46}},"71":{"start":{"line":149,"column":17},"end":{"line":149,"column":44}},"72":{"start":{"line":151,"column":4},"end":{"line":151,"column":46}},"73":{"start":{"line":157,"column":18},"end":{"line":174,"column":3}},"74":{"start":{"line":158,"column":50},"end":{"line":158,"column":60}},"75":{"start":{"line":159,"column":38},"end":{"line":159,"column":59}},"76":{"start":{"line":160,"column":52},"end":{"line":160,"column":73}},"77":{"start":{"line":162,"column":18},"end":{"line":162,"column":47}},"78":{"start":{"line":163,"column":17},"end":{"line":163,"column":45}},"79":{"start":{"line":165,"column":19},"end":{"line":165,"column":59}},"80":{"start":{"line":166,"column":18},"end":{"line":166,"column":57}},"81":{"start":{"line":168,"column":19},"end":{"line":168,"column":59}},"82":{"start":{"line":169,"column":18},"end":{"line":169,"column":57}},"83":{"start":{"line":171,"column":4},"end":{"line":171,"column":49}},"84":{"start":{"line":172,"column":4},"end":{"line":172,"column":45}},"85":{"start":{"line":173,"column":4},"end":{"line":173,"column":45}},"86":{"start":{"line":179,"column":19},"end":{"line":192,"column":3}},"87":{"start":{"line":180,"column":19},"end":{"line":180,"column":30}},"88":{"start":{"line":182,"column":4},"end":{"line":191,"column":5}},"89":{"start":{"line":197,"column":19},"end":{"line":210,"column":3}},"90":{"start":{"line":198,"column":19},"end":{"line":198,"column":30}},"91":{"start":{"line":200,"column":4},"end":{"line":209,"column":5}},"92":{"start":{"line":215,"column":18},"end":{"line":241,"column":3}},"93":{"start":{"line":216,"column":21},"end":{"line":216,"column":38}},"94":{"start":{"line":217,"column":20},"end":{"line":217,"column":36}},"95":{"start":{"line":218,"column":28},"end":{"line":218,"column":62}},"96":{"start":{"line":219,"column":27},"end":{"line":219,"column":60}},"97":{"start":{"line":221,"column":17},"end":{"line":221,"column":18}},"98":{"start":{"line":222,"column":16},"end":{"line":222,"column":17}},"99":{"start":{"line":223,"column":4},"end":{"line":240,"column":5}},"100":{"start":{"line":223,"column":17},"end":{"line":223,"column":18}},"101":{"start":{"line":224,"column":21},"end":{"line":224,"column":36}},"102":{"start":{"line":226,"column":6},"end":{"line":226,"column":29}},"103":{"start":{"line":227,"column":6},"end":{"line":227,"column":28}},"104":{"start":{"line":229,"column":6},"end":{"line":233,"column":7}},"105":{"start":{"line":230,"column":8},"end":{"line":230,"column":40}},"106":{"start":{"line":232,"column":8},"end":{"line":232,"column":16}},"107":{"start":{"line":235,"column":6},"end":{"line":239,"column":7}},"108":{"start":{"line":236,"column":8},"end":{"line":236,"column":37}},"109":{"start":{"line":238,"column":8},"end":{"line":238,"column":15}},"110":{"start":{"line":249,"column":23},"end":{"line":251,"column":3}},"111":{"start":{"line":250,"column":4},"end":{"line":250,"column":65}},"112":{"start":{"line":250,"column":33},"end":{"line":250,"column":64}},"113":{"start":{"line":259,"column":23},"end":{"line":282,"column":3}},"114":{"start":{"line":260,"column":4},"end":{"line":281,"column":5}},"115":{"start":{"line":284,"column":16},"end":{"line":332,"column":3}},"116":{"start":{"line":285,"column":4},"end":{"line":285,"column":18}},"117":{"start":{"line":286,"column":4},"end":{"line":331,"column":5}},"118":{"start":{"line":287,"column":21},"end":{"line":287,"column":50}},"119":{"start":{"line":288,"column":25},"end":{"line":288,"column":62}},"120":{"start":{"line":289,"column":31},"end":{"line":289,"column":68}},"121":{"start":{"line":292,"column":18},"end":{"line":292,"column":22}},"122":{"start":{"line":293,"column":36},"end":{"line":293,"column":40}},"123":{"start":{"line":296,"column":6},"end":{"line":309,"column":7}},"124":{"start":{"line":297,"column":8},"end":{"line":297,"column":54}},"125":{"start":{"line":298,"column":13},"end":{"line":309,"column":7}},"126":{"start":{"line":300,"column":8},"end":{"line":300,"column":33}},"127":{"start":{"line":301,"column":8},"end":{"line":301,"column":20}},"128":{"start":{"line":303,"column":8},"end":{"line":305,"column":9}},"129":{"start":{"line":304,"column":10},"end":{"line":304,"column":30}},"130":{"start":{"line":308,"column":8},"end":{"line":308,"column":39}},"131":{"start":{"line":311,"column":6},"end":{"line":330,"column":7}},"132":{"start":{"line":312,"column":8},"end":{"line":312,"column":62}},"133":{"start":{"line":312,"column":49},"end":{"line":312,"column":61}},"134":{"start":{"line":314,"column":8},"end":{"line":314,"column":30}},"135":{"start":{"line":315,"column":8},"end":{"line":317,"column":64}},"136":{"start":{"line":319,"column":29},"end":{"line":319,"column":66}},"137":{"start":{"line":322,"column":8},"end":{"line":324,"column":9}},"138":{"start":{"line":323,"column":10},"end":{"line":323,"column":75}},"139":{"start":{"line":326,"column":8},"end":{"line":329,"column":10}},"140":{"start":{"line":339,"column":15},"end":{"line":353,"column":3}},"141":{"start":{"line":340,"column":20},"end":{"line":340,"column":32}},"142":{"start":{"line":341,"column":19},"end":{"line":341,"column":48}},"143":{"start":{"line":342,"column":20},"end":{"line":342,"column":50}},"144":{"start":{"line":343,"column":20},"end":{"line":343,"column":50}},"145":{"start":{"line":345,"column":21},"end":{"line":350,"column":5}},"146":{"start":{"line":352,"column":4},"end":{"line":352,"column":44}}},"fnMap":{"0":{"name":"(anonymous_0)","decl":{"start":{"line":6,"column":2},"end":{"line":6,"column":3}},"loc":{"start":{"line":6,"column":16},"end":{"line":9,"column":3}},"line":6},"1":{"name":"(anonymous_1)","decl":{"start":{"line":14,"column":20},"end":{"line":14,"column":21}},"loc":{"start":{"line":14,"column":26},"end":{"line":21,"column":3}},"line":14},"2":{"name":"(anonymous_2)","decl":{"start":{"line":26,"column":13},"end":{"line":26,"column":14}},"loc":{"start":{"line":26,"column":19},"end":{"line":47,"column":3}},"line":26},"3":{"name":"(anonymous_3)","decl":{"start":{"line":52,"column":14},"end":{"line":52,"column":15}},"loc":{"start":{"line":52,"column":20},"end":{"line":79,"column":3}},"line":52},"4":{"name":"(anonymous_4)","decl":{"start":{"line":84,"column":24},"end":{"line":84,"column":25}},"loc":{"start":{"line":84,"column":30},"end":{"line":112,"column":3}},"line":84},"5":{"name":"(anonymous_5)","decl":{"start":{"line":97,"column":27},"end":{"line":97,"column":28}},"loc":{"start":{"line":97,"column":36},"end":{"line":97,"column":46}},"line":97},"6":{"name":"(anonymous_6)","decl":{"start":{"line":98,"column":28},"end":{"line":98,"column":29}},"loc":{"start":{"line":98,"column":37},"end":{"line":98,"column":48}},"line":98},"7":{"name":"(anonymous_7)","decl":{"start":{"line":99,"column":27},"end":{"line":99,"column":28}},"loc":{"start":{"line":99,"column":36},"end":{"line":99,"column":46}},"line":99},"8":{"name":"(anonymous_8)","decl":{"start":{"line":100,"column":26},"end":{"line":100,"column":27}},"loc":{"start":{"line":100,"column":35},"end":{"line":100,"column":44}},"line":100},"9":{"name":"(anonymous_9)","decl":{"start":{"line":104,"column":27},"end":{"line":104,"column":28}},"loc":{"start":{"line":104,"column":36},"end":{"line":104,"column":46}},"line":104},"10":{"name":"(anonymous_10)","decl":{"start":{"line":105,"column":28},"end":{"line":105,"column":29}},"loc":{"start":{"line":105,"column":37},"end":{"line":105,"column":48}},"line":105},"11":{"name":"(anonymous_11)","decl":{"start":{"line":106,"column":27},"end":{"line":106,"column":28}},"loc":{"start":{"line":106,"column":36},"end":{"line":106,"column":46}},"line":106},"12":{"name":"(anonymous_12)","decl":{"start":{"line":107,"column":26},"end":{"line":107,"column":27}},"loc":{"start":{"line":107,"column":35},"end":{"line":107,"column":44}},"line":107},"13":{"name":"(anonymous_13)","decl":{"start":{"line":117,"column":13},"end":{"line":117,"column":14}},"loc":{"start":{"line":117,"column":19},"end":{"line":139,"column":3}},"line":117},"14":{"name":"(anonymous_14)","decl":{"start":{"line":144,"column":17},"end":{"line":144,"column":18}},"loc":{"start":{"line":144,"column":23},"end":{"line":152,"column":3}},"line":144},"15":{"name":"(anonymous_15)","decl":{"start":{"line":157,"column":18},"end":{"line":157,"column":19}},"loc":{"start":{"line":157,"column":24},"end":{"line":174,"column":3}},"line":157},"16":{"name":"(anonymous_16)","decl":{"start":{"line":179,"column":19},"end":{"line":179,"column":20}},"loc":{"start":{"line":179,"column":25},"end":{"line":192,"column":3}},"line":179},"17":{"name":"(anonymous_17)","decl":{"start":{"line":197,"column":19},"end":{"line":197,"column":20}},"loc":{"start":{"line":197,"column":25},"end":{"line":210,"column":3}},"line":197},"18":{"name":"(anonymous_18)","decl":{"start":{"line":215,"column":18},"end":{"line":215,"column":19}},"loc":{"start":{"line":215,"column":43},"end":{"line":241,"column":3}},"line":215},"19":{"name":"(anonymous_19)","decl":{"start":{"line":249,"column":23},"end":{"line":249,"column":24}},"loc":{"start":{"line":249,"column":34},"end":{"line":251,"column":3}},"line":249},"20":{"name":"(anonymous_20)","decl":{"start":{"line":250,"column":23},"end":{"line":250,"column":24}},"loc":{"start":{"line":250,"column":33},"end":{"line":250,"column":64}},"line":250},"21":{"name":"(anonymous_21)","decl":{"start":{"line":259,"column":23},"end":{"line":259,"column":24}},"loc":{"start":{"line":259,"column":33},"end":{"line":282,"column":3}},"line":259},"22":{"name":"(anonymous_22)","decl":{"start":{"line":284,"column":16},"end":{"line":284,"column":17}},"loc":{"start":{"line":284,"column":24},"end":{"line":332,"column":3}},"line":284},"23":{"name":"(anonymous_23)","decl":{"start":{"line":312,"column":39},"end":{"line":312,"column":40}},"loc":{"start":{"line":312,"column":49},"end":{"line":312,"column":61}},"line":312},"24":{"name":"(anonymous_24)","decl":{"start":{"line":339,"column":15},"end":{"line":339,"column":16}},"loc":{"start":{"line":339,"column":21},"end":{"line":353,"column":3}},"line":339}},"branchMap":{"0":{"loc":{"start":{"line":39,"column":6},"end":{"line":45,"column":7}},"type":"if","locations":[{"start":{"line":39,"column":6},"end":{"line":45,"column":7}},{"start":{"line":39,"column":6},"end":{"line":45,"column":7}}],"line":39},"1":{"loc":{"start":{"line":71,"column":6},"end":{"line":77,"column":7}},"type":"if","locations":[{"start":{"line":71,"column":6},"end":{"line":77,"column":7}},{"start":{"line":71,"column":6},"end":{"line":77,"column":7}}],"line":71},"2":{"loc":{"start":{"line":93,"column":6},"end":{"line":110,"column":7}},"type":"if","locations":[{"start":{"line":93,"column":6},"end":{"line":110,"column":7}},{"start":{"line":93,"column":6},"end":{"line":110,"column":7}}],"line":93},"3":{"loc":{"start":{"line":131,"column":6},"end":{"line":137,"column":7}},"type":"if","locations":[{"start":{"line":131,"column":6},"end":{"line":137,"column":7}},{"start":{"line":131,"column":6},"end":{"line":137,"column":7}}],"line":131},"4":{"loc":{"start":{"line":229,"column":6},"end":{"line":233,"column":7}},"type":"if","locations":[{"start":{"line":229,"column":6},"end":{"line":233,"column":7}},{"start":{"line":229,"column":6},"end":{"line":233,"column":7}}],"line":229},"5":{"loc":{"start":{"line":235,"column":6},"end":{"line":239,"column":7}},"type":"if","locations":[{"start":{"line":235,"column":6},"end":{"line":239,"column":7}},{"start":{"line":235,"column":6},"end":{"line":239,"column":7}}],"line":235},"6":{"loc":{"start":{"line":286,"column":4},"end":{"line":331,"column":5}},"type":"if","locations":[{"start":{"line":286,"column":4},"end":{"line":331,"column":5}},{"start":{"line":286,"column":4},"end":{"line":331,"column":5}}],"line":286},"7":{"loc":{"start":{"line":286,"column":8},"end":{"line":286,"column":56}},"type":"binary-expr","locations":[{"start":{"line":286,"column":8},"end":{"line":286,"column":35}},{"start":{"line":286,"column":39},"end":{"line":286,"column":56}}],"line":286},"8":{"loc":{"start":{"line":296,"column":6},"end":{"line":309,"column":7}},"type":"if","locations":[{"start":{"line":296,"column":6},"end":{"line":309,"column":7}},{"start":{"line":296,"column":6},"end":{"line":309,"column":7}}],"line":296},"9":{"loc":{"start":{"line":298,"column":13},"end":{"line":309,"column":7}},"type":"if","locations":[{"start":{"line":298,"column":13},"end":{"line":309,"column":7}},{"start":{"line":298,"column":13},"end":{"line":309,"column":7}}],"line":298},"10":{"loc":{"start":{"line":303,"column":8},"end":{"line":305,"column":9}},"type":"if","locations":[{"start":{"line":303,"column":8},"end":{"line":305,"column":9}},{"start":{"line":303,"column":8},"end":{"line":305,"column":9}}],"line":303},"11":{"loc":{"start":{"line":311,"column":6},"end":{"line":330,"column":7}},"type":"if","locations":[{"start":{"line":311,"column":6},"end":{"line":330,"column":7}},{"start":{"line":311,"column":6},"end":{"line":330,"column":7}}],"line":311},"12":{"loc":{"start":{"line":322,"column":8},"end":{"line":324,"column":9}},"type":"if","locations":[{"start":{"line":322,"column":8},"end":{"line":324,"column":9}},{"start":{"line":322,"column":8},"end":{"line":324,"column":9}}],"line":322}},"s":{"0":2,"1":2,"2":2,"3":3,"4":0,"5":0,"6":0,"7":0,"8":0,"9":2,"10":3,"11":0,"12":0,"13":0,"14":0,"15":0,"16":0,"17":0,"18":0,"19":0,"20":0,"21":0,"22":2,"23":0,"24":0,"25":0,"26":0,"27":0,"28":0,"29":0,"30":0,"31":0,"32":0,"33":0,"34":0,"35":2,"36":0,"37":0,"38":0,"39":0,"40":0,"41":0,"42":0,"43":0,"44":0,"45":0,"46":0,"47":0,"48":0,"49":0,"50":0,"51":0,"52":0,"53":0,"54":2,"55":0,"56":0,"57":0,"58":0,"59":0,"60":0,"61":0,"62":0,"63":0,"64":0,"65":0,"66":0,"67":2,"68":0,"69":0,"70":0,"71":0,"72":0,"73":2,"74":0,"75":0,"76":0,"77":0,"78":0,"79":0,"80":0,"81":0,"82":0,"83":0,"84":0,"85":0,"86":2,"87":0,"88":0,"89":2,"90":0,"91":0,"92":2,"93":0,"94":0,"95":0,"96":0,"97":0,"98":0,"99":0,"100":0,"101":0,"102":0,"103":0,"104":0,"105":0,"106":0,"107":0,"108":0,"109":0,"110":2,"111":3,"112":1728,"113":2,"114":1728,"115":2,"116":1,"117":1,"118":0,"119":0,"120":0,"121":0,"122":0,"123":0,"124":0,"125":0,"126":0,"127":0,"128":0,"129":0,"130":0,"131":0,"132":0,"133":0,"134":0,"135":0,"136":0,"137":0,"138":0,"139":0,"140":2,"141":1,"142":1,"143":1,"144":1,"145":1,"146":1},"f":{"0":2,"1":3,"2":3,"3":0,"4":0,"5":0,"6":0,"7":0,"8":0,"9":0,"10":0,"11":0,"12":0,"13":0,"14":0,"15":0,"16":0,"17":0,"18":0,"19":3,"20":1728,"21":1728,"22":1,"23":0,"24":1},"b":{"0":[0,0],"1":[0,0],"2":[0,0],"3":[0,0],"4":[0,0],"5":[0,0],"6":[0,1],"7":[1,0],"8":[0,0],"9":[0,0],"10":[0,0],"11":[0,0],"12":[0,0]},"_coverageSchema":"1a1c01bbd47fc00a2c39e90264f33305004495a9","hash":"e6460ec2b0a9a52a52e24c1dc7f35f70b13c467b"}
,"/Users/martingagne/Documents/Web/bitfinex-bot/backend/models/SocketExchange.js": {"path":"/Users/martingagne/Documents/Web/bitfinex-bot/backend/models/SocketExchange.js","statementMap":{"0":{"start":{"line":7,"column":4},"end":{"line":10,"column":5}},"1":{"start":{"line":12,"column":4},"end":{"line":15,"column":5}},"2":{"start":{"line":24,"column":8},"end":{"line":27,"column":3}},"3":{"start":{"line":25,"column":4},"end":{"line":25,"column":57}},"4":{"start":{"line":26,"column":4},"end":{"line":26,"column":35}},"5":{"start":{"line":34,"column":9},"end":{"line":36,"column":3}},"6":{"start":{"line":35,"column":4},"end":{"line":35,"column":23}},"7":{"start":{"line":43,"column":12},"end":{"line":47,"column":3}},"8":{"start":{"line":44,"column":4},"end":{"line":46,"column":6}},"9":{"start":{"line":45,"column":6},"end":{"line":45,"column":39}},"10":{"start":{"line":55,"column":15},"end":{"line":81,"column":3}},"11":{"start":{"line":56,"column":4},"end":{"line":80,"column":5}},"12":{"start":{"line":57,"column":24},"end":{"line":57,"column":42}},"13":{"start":{"line":58,"column":26},"end":{"line":58,"column":44}},"14":{"start":{"line":59,"column":22},"end":{"line":59,"column":101}},"15":{"start":{"line":60,"column":21},"end":{"line":60,"column":43}},"16":{"start":{"line":62,"column":6},"end":{"line":73,"column":7}},"17":{"start":{"line":75,"column":6},"end":{"line":79,"column":7}},"18":{"start":{"line":89,"column":18},"end":{"line":98,"column":3}},"19":{"start":{"line":91,"column":4},"end":{"line":97,"column":5}},"20":{"start":{"line":92,"column":6},"end":{"line":96,"column":7}},"21":{"start":{"line":93,"column":8},"end":{"line":93,"column":43}},"22":{"start":{"line":95,"column":8},"end":{"line":95,"column":42}}},"fnMap":{"0":{"name":"(anonymous_0)","decl":{"start":{"line":6,"column":2},"end":{"line":6,"column":3}},"loc":{"start":{"line":6,"column":16},"end":{"line":16,"column":3}},"line":6},"1":{"name":"(anonymous_1)","decl":{"start":{"line":24,"column":8},"end":{"line":24,"column":9}},"loc":{"start":{"line":24,"column":26},"end":{"line":27,"column":3}},"line":24},"2":{"name":"(anonymous_2)","decl":{"start":{"line":34,"column":9},"end":{"line":34,"column":10}},"loc":{"start":{"line":34,"column":15},"end":{"line":36,"column":3}},"line":34},"3":{"name":"(anonymous_3)","decl":{"start":{"line":43,"column":12},"end":{"line":43,"column":13}},"loc":{"start":{"line":43,"column":20},"end":{"line":47,"column":3}},"line":43},"4":{"name":"(anonymous_4)","decl":{"start":{"line":44,"column":25},"end":{"line":44,"column":26}},"loc":{"start":{"line":44,"column":35},"end":{"line":46,"column":5}},"line":44},"5":{"name":"(anonymous_5)","decl":{"start":{"line":55,"column":15},"end":{"line":55,"column":16}},"loc":{"start":{"line":55,"column":23},"end":{"line":81,"column":3}},"line":55},"6":{"name":"(anonymous_6)","decl":{"start":{"line":89,"column":18},"end":{"line":89,"column":19}},"loc":{"start":{"line":89,"column":34},"end":{"line":98,"column":3}},"line":89}},"branchMap":{"0":{"loc":{"start":{"line":56,"column":4},"end":{"line":80,"column":5}},"type":"if","locations":[{"start":{"line":56,"column":4},"end":{"line":80,"column":5}},{"start":{"line":56,"column":4},"end":{"line":80,"column":5}}],"line":56},"1":{"loc":{"start":{"line":91,"column":4},"end":{"line":97,"column":5}},"type":"if","locations":[{"start":{"line":91,"column":4},"end":{"line":97,"column":5}},{"start":{"line":91,"column":4},"end":{"line":97,"column":5}}],"line":91},"2":{"loc":{"start":{"line":92,"column":6},"end":{"line":96,"column":7}},"type":"if","locations":[{"start":{"line":92,"column":6},"end":{"line":96,"column":7}},{"start":{"line":92,"column":6},"end":{"line":96,"column":7}}],"line":92}},"s":{"0":2,"1":2,"2":2,"3":0,"4":0,"5":2,"6":0,"7":2,"8":0,"9":0,"10":2,"11":0,"12":0,"13":0,"14":0,"15":0,"16":0,"17":0,"18":2,"19":0,"20":0,"21":0,"22":0},"f":{"0":2,"1":0,"2":0,"3":0,"4":0,"5":0,"6":0},"b":{"0":[0,0],"1":[0,0],"2":[0,0]},"_coverageSchema":"1a1c01bbd47fc00a2c39e90264f33305004495a9","hash":"5875dcff83f54dae946055794152ad217871af79"}
,"/Users/martingagne/Documents/Web/bitfinex-bot/backend/models/Trading.js": {"path":"/Users/martingagne/Documents/Web/bitfinex-bot/backend/models/Trading.js","statementMap":{"0":{"start":{"line":6,"column":4},"end":{"line":6,"column":21}},"1":{"start":{"line":7,"column":4},"end":{"line":7,"column":20}},"2":{"start":{"line":8,"column":4},"end":{"line":8,"column":21}},"3":{"start":{"line":9,"column":4},"end":{"line":9,"column":69}},"4":{"start":{"line":10,"column":4},"end":{"line":10,"column":69}},"5":{"start":{"line":18,"column":16},"end":{"line":46,"column":3}},"6":{"start":{"line":19,"column":18},"end":{"line":19,"column":25}},"7":{"start":{"line":21,"column":4},"end":{"line":45,"column":5}},"8":{"start":{"line":23,"column":6},"end":{"line":37,"column":7}},"9":{"start":{"line":24,"column":8},"end":{"line":34,"column":10}},"10":{"start":{"line":25,"column":10},"end":{"line":33,"column":11}},"11":{"start":{"line":26,"column":29},"end":{"line":26,"column":57}},"12":{"start":{"line":28,"column":12},"end":{"line":28,"column":40}},"13":{"start":{"line":30,"column":29},"end":{"line":30,"column":56}},"14":{"start":{"line":32,"column":12},"end":{"line":32,"column":40}},"15":{"start":{"line":36,"column":8},"end":{"line":36,"column":38}},"16":{"start":{"line":38,"column":11},"end":{"line":45,"column":5}},"17":{"start":{"line":39,"column":20},"end":{"line":39,"column":45}},"18":{"start":{"line":41,"column":6},"end":{"line":41,"column":30}},"19":{"start":{"line":42,"column":6},"end":{"line":42,"column":33}},"20":{"start":{"line":43,"column":11},"end":{"line":45,"column":5}},"21":{"start":{"line":44,"column":6},"end":{"line":44,"column":33}},"22":{"start":{"line":53,"column":18},"end":{"line":55,"column":3}},"23":{"start":{"line":54,"column":4},"end":{"line":54,"column":23}},"24":{"start":{"line":62,"column":18},"end":{"line":72,"column":3}},"25":{"start":{"line":63,"column":18},"end":{"line":65,"column":5}},"26":{"start":{"line":64,"column":16},"end":{"line":64,"column":49}},"27":{"start":{"line":67,"column":4},"end":{"line":71,"column":5}},"28":{"start":{"line":68,"column":6},"end":{"line":68,"column":32}},"29":{"start":{"line":70,"column":6},"end":{"line":70,"column":29}},"30":{"start":{"line":74,"column":17},"end":{"line":76,"column":3}},"31":{"start":{"line":75,"column":4},"end":{"line":75,"column":26}},"32":{"start":{"line":84,"column":22},"end":{"line":89,"column":3}},"33":{"start":{"line":85,"column":4},"end":{"line":88,"column":5}},"34":{"start":{"line":97,"column":21},"end":{"line":114,"column":3}},"35":{"start":{"line":98,"column":20},"end":{"line":98,"column":22}},"36":{"start":{"line":99,"column":17},"end":{"line":107,"column":5}},"37":{"start":{"line":109,"column":4},"end":{"line":111,"column":6}},"38":{"start":{"line":110,"column":6},"end":{"line":110,"column":28}},"39":{"start":{"line":113,"column":4},"end":{"line":113,"column":18}},"40":{"start":{"line":122,"column":14},"end":{"line":137,"column":3}},"41":{"start":{"line":123,"column":17},"end":{"line":126,"column":5}},"42":{"start":{"line":128,"column":4},"end":{"line":134,"column":5}},"43":{"start":{"line":129,"column":6},"end":{"line":129,"column":51}},"44":{"start":{"line":130,"column":6},"end":{"line":130,"column":35}},"45":{"start":{"line":132,"column":6},"end":{"line":132,"column":50}},"46":{"start":{"line":133,"column":6},"end":{"line":133,"column":35}},"47":{"start":{"line":136,"column":4},"end":{"line":136,"column":34}},"48":{"start":{"line":144,"column":22},"end":{"line":166,"column":3}},"49":{"start":{"line":145,"column":19},"end":{"line":145,"column":23}},"50":{"start":{"line":147,"column":4},"end":{"line":163,"column":5}},"51":{"start":{"line":148,"column":6},"end":{"line":162,"column":7}},"52":{"start":{"line":149,"column":8},"end":{"line":149,"column":68}},"53":{"start":{"line":150,"column":8},"end":{"line":150,"column":44}},"54":{"start":{"line":151,"column":8},"end":{"line":151,"column":24}},"55":{"start":{"line":153,"column":8},"end":{"line":153,"column":20}},"56":{"start":{"line":154,"column":13},"end":{"line":162,"column":7}},"57":{"start":{"line":155,"column":8},"end":{"line":155,"column":69}},"58":{"start":{"line":156,"column":8},"end":{"line":156,"column":44}},"59":{"start":{"line":157,"column":8},"end":{"line":157,"column":24}},"60":{"start":{"line":159,"column":8},"end":{"line":159,"column":21}},"61":{"start":{"line":161,"column":8},"end":{"line":161,"column":19}},"62":{"start":{"line":165,"column":4},"end":{"line":165,"column":15}},"63":{"start":{"line":174,"column":18},"end":{"line":186,"column":3}},"64":{"start":{"line":175,"column":4},"end":{"line":185,"column":5}},"65":{"start":{"line":194,"column":14},"end":{"line":214,"column":3}},"66":{"start":{"line":195,"column":22},"end":{"line":195,"column":57}},"67":{"start":{"line":198,"column":4},"end":{"line":211,"column":5}},"68":{"start":{"line":199,"column":27},"end":{"line":199,"column":50}},"69":{"start":{"line":200,"column":28},"end":{"line":200,"column":66}},"70":{"start":{"line":202,"column":6},"end":{"line":210,"column":7}},"71":{"start":{"line":203,"column":8},"end":{"line":205,"column":9}},"72":{"start":{"line":204,"column":10},"end":{"line":204,"column":21}},"73":{"start":{"line":207,"column":8},"end":{"line":209,"column":9}},"74":{"start":{"line":208,"column":10},"end":{"line":208,"column":21}},"75":{"start":{"line":213,"column":4},"end":{"line":213,"column":16}},"76":{"start":{"line":222,"column":15},"end":{"line":246,"column":3}},"77":{"start":{"line":223,"column":22},"end":{"line":223,"column":57}},"78":{"start":{"line":226,"column":4},"end":{"line":243,"column":5}},"79":{"start":{"line":231,"column":27},"end":{"line":231,"column":50}},"80":{"start":{"line":232,"column":30},"end":{"line":232,"column":70}},"81":{"start":{"line":234,"column":6},"end":{"line":242,"column":7}},"82":{"start":{"line":235,"column":8},"end":{"line":237,"column":9}},"83":{"start":{"line":236,"column":10},"end":{"line":236,"column":21}},"84":{"start":{"line":239,"column":8},"end":{"line":241,"column":9}},"85":{"start":{"line":240,"column":10},"end":{"line":240,"column":21}},"86":{"start":{"line":245,"column":4},"end":{"line":245,"column":16}},"87":{"start":{"line":248,"column":17},"end":{"line":254,"column":3}},"88":{"start":{"line":249,"column":22},"end":{"line":249,"column":57}},"89":{"start":{"line":251,"column":4},"end":{"line":253,"column":5}},"90":{"start":{"line":263,"column":20},"end":{"line":287,"column":3}},"91":{"start":{"line":264,"column":22},"end":{"line":264,"column":57}},"92":{"start":{"line":265,"column":23},"end":{"line":265,"column":52}},"93":{"start":{"line":266,"column":32},"end":{"line":266,"column":54}},"94":{"start":{"line":267,"column":34},"end":{"line":267,"column":56}},"95":{"start":{"line":268,"column":30},"end":{"line":268,"column":57}},"96":{"start":{"line":270,"column":4},"end":{"line":276,"column":5}},"97":{"start":{"line":274,"column":6},"end":{"line":274,"column":71}},"98":{"start":{"line":275,"column":6},"end":{"line":275,"column":17}},"99":{"start":{"line":278,"column":30},"end":{"line":278,"column":66}},"100":{"start":{"line":280,"column":4},"end":{"line":284,"column":5}},"101":{"start":{"line":281,"column":6},"end":{"line":281,"column":71}},"102":{"start":{"line":283,"column":6},"end":{"line":283,"column":49}},"103":{"start":{"line":286,"column":4},"end":{"line":286,"column":28}},"104":{"start":{"line":296,"column":18},"end":{"line":321,"column":3}},"105":{"start":{"line":297,"column":22},"end":{"line":297,"column":57}},"106":{"start":{"line":298,"column":23},"end":{"line":298,"column":52}},"107":{"start":{"line":299,"column":32},"end":{"line":299,"column":54}},"108":{"start":{"line":300,"column":34},"end":{"line":300,"column":56}},"109":{"start":{"line":301,"column":30},"end":{"line":301,"column":55}},"110":{"start":{"line":303,"column":4},"end":{"line":310,"column":5}},"111":{"start":{"line":308,"column":6},"end":{"line":308,"column":71}},"112":{"start":{"line":309,"column":6},"end":{"line":309,"column":17}},"113":{"start":{"line":312,"column":30},"end":{"line":312,"column":66}},"114":{"start":{"line":314,"column":4},"end":{"line":318,"column":5}},"115":{"start":{"line":315,"column":6},"end":{"line":315,"column":71}},"116":{"start":{"line":317,"column":6},"end":{"line":317,"column":49}},"117":{"start":{"line":320,"column":4},"end":{"line":320,"column":28}},"118":{"start":{"line":330,"column":17},"end":{"line":332,"column":3}},"119":{"start":{"line":331,"column":4},"end":{"line":331,"column":61}},"120":{"start":{"line":340,"column":23},"end":{"line":343,"column":3}},"121":{"start":{"line":341,"column":22},"end":{"line":341,"column":57}},"122":{"start":{"line":342,"column":4},"end":{"line":342,"column":77}},"123":{"start":{"line":351,"column":23},"end":{"line":354,"column":3}},"124":{"start":{"line":352,"column":22},"end":{"line":352,"column":57}},"125":{"start":{"line":353,"column":4},"end":{"line":353,"column":77}},"126":{"start":{"line":362,"column":19},"end":{"line":371,"column":3}},"127":{"start":{"line":363,"column":20},"end":{"line":363,"column":23}},"128":{"start":{"line":366,"column":4},"end":{"line":368,"column":5}},"129":{"start":{"line":367,"column":6},"end":{"line":367,"column":21}},"130":{"start":{"line":370,"column":4},"end":{"line":370,"column":20}},"131":{"start":{"line":373,"column":14},"end":{"line":378,"column":3}},"132":{"start":{"line":374,"column":4},"end":{"line":377,"column":6}},"133":{"start":{"line":375,"column":26},"end":{"line":375,"column":49}},"134":{"start":{"line":376,"column":6},"end":{"line":376,"column":38}},"135":{"start":{"line":380,"column":16},"end":{"line":405,"column":3}},"136":{"start":{"line":381,"column":18},"end":{"line":381,"column":20}},"137":{"start":{"line":382,"column":17},"end":{"line":394,"column":5}},"138":{"start":{"line":396,"column":4},"end":{"line":402,"column":6}},"139":{"start":{"line":397,"column":6},"end":{"line":399,"column":7}},"140":{"start":{"line":398,"column":8},"end":{"line":398,"column":35}},"141":{"start":{"line":401,"column":6},"end":{"line":401,"column":30}},"142":{"start":{"line":404,"column":4},"end":{"line":404,"column":16}},"143":{"start":{"line":407,"column":18},"end":{"line":438,"column":3}},"144":{"start":{"line":408,"column":18},"end":{"line":411,"column":5}},"145":{"start":{"line":412,"column":17},"end":{"line":412,"column":29}},"146":{"start":{"line":414,"column":4},"end":{"line":437,"column":5}},"147":{"start":{"line":415,"column":21},"end":{"line":415,"column":43}},"148":{"start":{"line":416,"column":24},"end":{"line":416,"column":46}},"149":{"start":{"line":417,"column":22},"end":{"line":417,"column":39}},"150":{"start":{"line":418,"column":20},"end":{"line":418,"column":50}},"151":{"start":{"line":419,"column":24},"end":{"line":419,"column":74}},"152":{"start":{"line":420,"column":24},"end":{"line":420,"column":63}},"153":{"start":{"line":421,"column":16},"end":{"line":421,"column":20}},"154":{"start":{"line":422,"column":20},"end":{"line":422,"column":24}},"155":{"start":{"line":424,"column":6},"end":{"line":434,"column":7}},"156":{"start":{"line":425,"column":20},"end":{"line":425,"column":40}},"157":{"start":{"line":426,"column":8},"end":{"line":426,"column":51}},"158":{"start":{"line":427,"column":8},"end":{"line":431,"column":9}},"159":{"start":{"line":433,"column":8},"end":{"line":433,"column":31}},"160":{"start":{"line":436,"column":6},"end":{"line":436,"column":29}}},"fnMap":{"0":{"name":"(anonymous_0)","decl":{"start":{"line":5,"column":2},"end":{"line":5,"column":3}},"loc":{"start":{"line":5,"column":16},"end":{"line":11,"column":3}},"line":5},"1":{"name":"(anonymous_1)","decl":{"start":{"line":18,"column":16},"end":{"line":18,"column":17}},"loc":{"start":{"line":18,"column":24},"end":{"line":46,"column":3}},"line":18},"2":{"name":"(anonymous_2)","decl":{"start":{"line":24,"column":24},"end":{"line":24,"column":25}},"loc":{"start":{"line":24,"column":32},"end":{"line":34,"column":9}},"line":24},"3":{"name":"(anonymous_3)","decl":{"start":{"line":53,"column":18},"end":{"line":53,"column":19}},"loc":{"start":{"line":53,"column":26},"end":{"line":55,"column":3}},"line":53},"4":{"name":"(anonymous_4)","decl":{"start":{"line":62,"column":18},"end":{"line":62,"column":19}},"loc":{"start":{"line":62,"column":26},"end":{"line":72,"column":3}},"line":62},"5":{"name":"(anonymous_5)","decl":{"start":{"line":64,"column":6},"end":{"line":64,"column":7}},"loc":{"start":{"line":64,"column":16},"end":{"line":64,"column":49}},"line":64},"6":{"name":"(anonymous_6)","decl":{"start":{"line":74,"column":17},"end":{"line":74,"column":18}},"loc":{"start":{"line":74,"column":25},"end":{"line":76,"column":3}},"line":74},"7":{"name":"(anonymous_7)","decl":{"start":{"line":84,"column":22},"end":{"line":84,"column":23}},"loc":{"start":{"line":84,"column":30},"end":{"line":89,"column":3}},"line":84},"8":{"name":"(anonymous_8)","decl":{"start":{"line":97,"column":21},"end":{"line":97,"column":22}},"loc":{"start":{"line":97,"column":29},"end":{"line":114,"column":3}},"line":97},"9":{"name":"(anonymous_9)","decl":{"start":{"line":109,"column":17},"end":{"line":109,"column":18}},"loc":{"start":{"line":109,"column":29},"end":{"line":111,"column":5}},"line":109},"10":{"name":"(anonymous_10)","decl":{"start":{"line":122,"column":14},"end":{"line":122,"column":15}},"loc":{"start":{"line":122,"column":36},"end":{"line":137,"column":3}},"line":122},"11":{"name":"(anonymous_11)","decl":{"start":{"line":144,"column":22},"end":{"line":144,"column":23}},"loc":{"start":{"line":144,"column":30},"end":{"line":166,"column":3}},"line":144},"12":{"name":"(anonymous_12)","decl":{"start":{"line":174,"column":18},"end":{"line":174,"column":19}},"loc":{"start":{"line":174,"column":26},"end":{"line":186,"column":3}},"line":174},"13":{"name":"(anonymous_13)","decl":{"start":{"line":194,"column":14},"end":{"line":194,"column":15}},"loc":{"start":{"line":194,"column":22},"end":{"line":214,"column":3}},"line":194},"14":{"name":"(anonymous_14)","decl":{"start":{"line":222,"column":15},"end":{"line":222,"column":16}},"loc":{"start":{"line":222,"column":23},"end":{"line":246,"column":3}},"line":222},"15":{"name":"(anonymous_15)","decl":{"start":{"line":248,"column":17},"end":{"line":248,"column":18}},"loc":{"start":{"line":248,"column":25},"end":{"line":254,"column":3}},"line":248},"16":{"name":"(anonymous_16)","decl":{"start":{"line":263,"column":20},"end":{"line":263,"column":21}},"loc":{"start":{"line":263,"column":44},"end":{"line":287,"column":3}},"line":263},"17":{"name":"(anonymous_17)","decl":{"start":{"line":296,"column":18},"end":{"line":296,"column":19}},"loc":{"start":{"line":296,"column":42},"end":{"line":321,"column":3}},"line":296},"18":{"name":"(anonymous_18)","decl":{"start":{"line":330,"column":17},"end":{"line":330,"column":18}},"loc":{"start":{"line":330,"column":29},"end":{"line":332,"column":3}},"line":330},"19":{"name":"(anonymous_19)","decl":{"start":{"line":340,"column":23},"end":{"line":340,"column":24}},"loc":{"start":{"line":340,"column":31},"end":{"line":343,"column":3}},"line":340},"20":{"name":"(anonymous_20)","decl":{"start":{"line":351,"column":23},"end":{"line":351,"column":24}},"loc":{"start":{"line":351,"column":31},"end":{"line":354,"column":3}},"line":351},"21":{"name":"(anonymous_21)","decl":{"start":{"line":362,"column":19},"end":{"line":362,"column":20}},"loc":{"start":{"line":362,"column":26},"end":{"line":371,"column":3}},"line":362},"22":{"name":"(anonymous_22)","decl":{"start":{"line":373,"column":14},"end":{"line":373,"column":15}},"loc":{"start":{"line":373,"column":22},"end":{"line":378,"column":3}},"line":373},"23":{"name":"(anonymous_23)","decl":{"start":{"line":374,"column":17},"end":{"line":374,"column":18}},"loc":{"start":{"line":374,"column":26},"end":{"line":377,"column":5}},"line":374},"24":{"name":"(anonymous_24)","decl":{"start":{"line":380,"column":16},"end":{"line":380,"column":17}},"loc":{"start":{"line":380,"column":24},"end":{"line":405,"column":3}},"line":380},"25":{"name":"(anonymous_25)","decl":{"start":{"line":396,"column":17},"end":{"line":396,"column":18}},"loc":{"start":{"line":396,"column":33},"end":{"line":402,"column":5}},"line":396},"26":{"name":"(anonymous_26)","decl":{"start":{"line":407,"column":18},"end":{"line":407,"column":19}},"loc":{"start":{"line":407,"column":37},"end":{"line":438,"column":3}},"line":407}},"branchMap":{"0":{"loc":{"start":{"line":21,"column":4},"end":{"line":45,"column":5}},"type":"if","locations":[{"start":{"line":21,"column":4},"end":{"line":45,"column":5}},{"start":{"line":21,"column":4},"end":{"line":45,"column":5}}],"line":21},"1":{"loc":{"start":{"line":23,"column":6},"end":{"line":37,"column":7}},"type":"if","locations":[{"start":{"line":23,"column":6},"end":{"line":37,"column":7}},{"start":{"line":23,"column":6},"end":{"line":37,"column":7}}],"line":23},"2":{"loc":{"start":{"line":25,"column":10},"end":{"line":33,"column":11}},"type":"if","locations":[{"start":{"line":25,"column":10},"end":{"line":33,"column":11}},{"start":{"line":25,"column":10},"end":{"line":33,"column":11}}],"line":25},"3":{"loc":{"start":{"line":38,"column":11},"end":{"line":45,"column":5}},"type":"if","locations":[{"start":{"line":38,"column":11},"end":{"line":45,"column":5}},{"start":{"line":38,"column":11},"end":{"line":45,"column":5}}],"line":38},"4":{"loc":{"start":{"line":43,"column":11},"end":{"line":45,"column":5}},"type":"if","locations":[{"start":{"line":43,"column":11},"end":{"line":45,"column":5}},{"start":{"line":43,"column":11},"end":{"line":45,"column":5}}],"line":43},"5":{"loc":{"start":{"line":67,"column":4},"end":{"line":71,"column":5}},"type":"if","locations":[{"start":{"line":67,"column":4},"end":{"line":71,"column":5}},{"start":{"line":67,"column":4},"end":{"line":71,"column":5}}],"line":67},"6":{"loc":{"start":{"line":128,"column":4},"end":{"line":134,"column":5}},"type":"if","locations":[{"start":{"line":128,"column":4},"end":{"line":134,"column":5}},{"start":{"line":128,"column":4},"end":{"line":134,"column":5}}],"line":128},"7":{"loc":{"start":{"line":147,"column":4},"end":{"line":163,"column":5}},"type":"if","locations":[{"start":{"line":147,"column":4},"end":{"line":163,"column":5}},{"start":{"line":147,"column":4},"end":{"line":163,"column":5}}],"line":147},"8":{"loc":{"start":{"line":148,"column":6},"end":{"line":162,"column":7}},"type":"if","locations":[{"start":{"line":148,"column":6},"end":{"line":162,"column":7}},{"start":{"line":148,"column":6},"end":{"line":162,"column":7}}],"line":148},"9":{"loc":{"start":{"line":154,"column":13},"end":{"line":162,"column":7}},"type":"if","locations":[{"start":{"line":154,"column":13},"end":{"line":162,"column":7}},{"start":{"line":154,"column":13},"end":{"line":162,"column":7}}],"line":154},"10":{"loc":{"start":{"line":176,"column":6},"end":{"line":184,"column":32}},"type":"binary-expr","locations":[{"start":{"line":176,"column":6},"end":{"line":176,"column":24}},{"start":{"line":177,"column":6},"end":{"line":177,"column":48}},{"start":{"line":178,"column":6},"end":{"line":178,"column":23}},{"start":{"line":179,"column":6},"end":{"line":179,"column":27}},{"start":{"line":180,"column":6},"end":{"line":180,"column":27}},{"start":{"line":181,"column":6},"end":{"line":181,"column":36}},{"start":{"line":182,"column":6},"end":{"line":182,"column":35}},{"start":{"line":183,"column":6},"end":{"line":183,"column":33}},{"start":{"line":184,"column":6},"end":{"line":184,"column":32}}],"line":176},"11":{"loc":{"start":{"line":198,"column":4},"end":{"line":211,"column":5}},"type":"if","locations":[{"start":{"line":198,"column":4},"end":{"line":211,"column":5}},{"start":{"line":198,"column":4},"end":{"line":211,"column":5}}],"line":198},"12":{"loc":{"start":{"line":202,"column":6},"end":{"line":210,"column":7}},"type":"if","locations":[{"start":{"line":202,"column":6},"end":{"line":210,"column":7}},{"start":{"line":202,"column":6},"end":{"line":210,"column":7}}],"line":202},"13":{"loc":{"start":{"line":203,"column":8},"end":{"line":205,"column":9}},"type":"if","locations":[{"start":{"line":203,"column":8},"end":{"line":205,"column":9}},{"start":{"line":203,"column":8},"end":{"line":205,"column":9}}],"line":203},"14":{"loc":{"start":{"line":203,"column":12},"end":{"line":203,"column":62}},"type":"binary-expr","locations":[{"start":{"line":203,"column":12},"end":{"line":203,"column":45}},{"start":{"line":203,"column":49},"end":{"line":203,"column":62}}],"line":203},"15":{"loc":{"start":{"line":207,"column":8},"end":{"line":209,"column":9}},"type":"if","locations":[{"start":{"line":207,"column":8},"end":{"line":209,"column":9}},{"start":{"line":207,"column":8},"end":{"line":209,"column":9}}],"line":207},"16":{"loc":{"start":{"line":207,"column":12},"end":{"line":207,"column":60}},"type":"binary-expr","locations":[{"start":{"line":207,"column":12},"end":{"line":207,"column":43}},{"start":{"line":207,"column":47},"end":{"line":207,"column":60}}],"line":207},"17":{"loc":{"start":{"line":226,"column":4},"end":{"line":243,"column":5}},"type":"if","locations":[{"start":{"line":226,"column":4},"end":{"line":243,"column":5}},{"start":{"line":226,"column":4},"end":{"line":243,"column":5}}],"line":226},"18":{"loc":{"start":{"line":234,"column":6},"end":{"line":242,"column":7}},"type":"if","locations":[{"start":{"line":234,"column":6},"end":{"line":242,"column":7}},{"start":{"line":234,"column":6},"end":{"line":242,"column":7}}],"line":234},"19":{"loc":{"start":{"line":235,"column":8},"end":{"line":237,"column":9}},"type":"if","locations":[{"start":{"line":235,"column":8},"end":{"line":237,"column":9}},{"start":{"line":235,"column":8},"end":{"line":237,"column":9}}],"line":235},"20":{"loc":{"start":{"line":235,"column":12},"end":{"line":235,"column":62}},"type":"binary-expr","locations":[{"start":{"line":235,"column":12},"end":{"line":235,"column":43}},{"start":{"line":235,"column":47},"end":{"line":235,"column":62}}],"line":235},"21":{"loc":{"start":{"line":239,"column":8},"end":{"line":241,"column":9}},"type":"if","locations":[{"start":{"line":239,"column":8},"end":{"line":241,"column":9}},{"start":{"line":239,"column":8},"end":{"line":241,"column":9}}],"line":239},"22":{"loc":{"start":{"line":239,"column":12},"end":{"line":239,"column":64}},"type":"binary-expr","locations":[{"start":{"line":239,"column":12},"end":{"line":239,"column":45}},{"start":{"line":239,"column":49},"end":{"line":239,"column":64}}],"line":239},"23":{"loc":{"start":{"line":252,"column":6},"end":{"line":252,"column":76}},"type":"binary-expr","locations":[{"start":{"line":252,"column":6},"end":{"line":252,"column":39}},{"start":{"line":252,"column":43},"end":{"line":252,"column":76}}],"line":252},"24":{"loc":{"start":{"line":266,"column":32},"end":{"line":266,"column":54}},"type":"cond-expr","locations":[{"start":{"line":266,"column":47},"end":{"line":266,"column":49}},{"start":{"line":266,"column":52},"end":{"line":266,"column":54}}],"line":266},"25":{"loc":{"start":{"line":267,"column":34},"end":{"line":267,"column":56}},"type":"cond-expr","locations":[{"start":{"line":267,"column":49},"end":{"line":267,"column":50}},{"start":{"line":267,"column":53},"end":{"line":267,"column":56}}],"line":267},"26":{"loc":{"start":{"line":268,"column":30},"end":{"line":268,"column":57}},"type":"cond-expr","locations":[{"start":{"line":268,"column":45},"end":{"line":268,"column":50}},{"start":{"line":268,"column":53},"end":{"line":268,"column":57}}],"line":268},"27":{"loc":{"start":{"line":270,"column":4},"end":{"line":276,"column":5}},"type":"if","locations":[{"start":{"line":270,"column":4},"end":{"line":276,"column":5}},{"start":{"line":270,"column":4},"end":{"line":276,"column":5}}],"line":270},"28":{"loc":{"start":{"line":271,"column":6},"end":{"line":272,"column":75}},"type":"binary-expr","locations":[{"start":{"line":271,"column":6},"end":{"line":271,"column":39}},{"start":{"line":272,"column":6},"end":{"line":272,"column":75}}],"line":271},"29":{"loc":{"start":{"line":280,"column":4},"end":{"line":284,"column":5}},"type":"if","locations":[{"start":{"line":280,"column":4},"end":{"line":284,"column":5}},{"start":{"line":280,"column":4},"end":{"line":284,"column":5}}],"line":280},"30":{"loc":{"start":{"line":299,"column":32},"end":{"line":299,"column":54}},"type":"cond-expr","locations":[{"start":{"line":299,"column":47},"end":{"line":299,"column":49}},{"start":{"line":299,"column":52},"end":{"line":299,"column":54}}],"line":299},"31":{"loc":{"start":{"line":300,"column":34},"end":{"line":300,"column":56}},"type":"cond-expr","locations":[{"start":{"line":300,"column":49},"end":{"line":300,"column":52}},{"start":{"line":300,"column":55},"end":{"line":300,"column":56}}],"line":300},"32":{"loc":{"start":{"line":301,"column":30},"end":{"line":301,"column":55}},"type":"cond-expr","locations":[{"start":{"line":301,"column":45},"end":{"line":301,"column":48}},{"start":{"line":301,"column":51},"end":{"line":301,"column":55}}],"line":301},"33":{"loc":{"start":{"line":303,"column":4},"end":{"line":310,"column":5}},"type":"if","locations":[{"start":{"line":303,"column":4},"end":{"line":310,"column":5}},{"start":{"line":303,"column":4},"end":{"line":310,"column":5}}],"line":303},"34":{"loc":{"start":{"line":304,"column":6},"end":{"line":306,"column":29}},"type":"binary-expr","locations":[{"start":{"line":304,"column":6},"end":{"line":304,"column":39}},{"start":{"line":305,"column":6},"end":{"line":306,"column":29}}],"line":304},"35":{"loc":{"start":{"line":314,"column":4},"end":{"line":318,"column":5}},"type":"if","locations":[{"start":{"line":314,"column":4},"end":{"line":318,"column":5}},{"start":{"line":314,"column":4},"end":{"line":318,"column":5}}],"line":314},"36":{"loc":{"start":{"line":366,"column":4},"end":{"line":368,"column":5}},"type":"if","locations":[{"start":{"line":366,"column":4},"end":{"line":368,"column":5}},{"start":{"line":366,"column":4},"end":{"line":368,"column":5}}],"line":366},"37":{"loc":{"start":{"line":397,"column":6},"end":{"line":399,"column":7}},"type":"if","locations":[{"start":{"line":397,"column":6},"end":{"line":399,"column":7}},{"start":{"line":397,"column":6},"end":{"line":399,"column":7}}],"line":397},"38":{"loc":{"start":{"line":414,"column":4},"end":{"line":437,"column":5}},"type":"if","locations":[{"start":{"line":414,"column":4},"end":{"line":437,"column":5}},{"start":{"line":414,"column":4},"end":{"line":437,"column":5}}],"line":414},"39":{"loc":{"start":{"line":424,"column":6},"end":{"line":434,"column":7}},"type":"if","locations":[{"start":{"line":424,"column":6},"end":{"line":434,"column":7}},{"start":{"line":424,"column":6},"end":{"line":434,"column":7}}],"line":424}},"s":{"0":2,"1":2,"2":2,"3":2,"4":2,"5":2,"6":0,"7":0,"8":0,"9":0,"10":0,"11":0,"12":0,"13":0,"14":0,"15":0,"16":0,"17":0,"18":0,"19":0,"20":0,"21":0,"22":2,"23":0,"24":2,"25":0,"26":0,"27":0,"28":0,"29":0,"30":2,"31":0,"32":2,"33":0,"34":2,"35":0,"36":0,"37":0,"38":0,"39":0,"40":2,"41":0,"42":0,"43":0,"44":0,"45":0,"46":0,"47":0,"48":2,"49":0,"50":0,"51":0,"52":0,"53":0,"54":0,"55":0,"56":0,"57":0,"58":0,"59":0,"60":0,"61":0,"62":0,"63":2,"64":0,"65":2,"66":0,"67":0,"68":0,"69":0,"70":0,"71":0,"72":0,"73":0,"74":0,"75":0,"76":2,"77":0,"78":0,"79":0,"80":0,"81":0,"82":0,"83":0,"84":0,"85":0,"86":0,"87":2,"88":0,"89":0,"90":2,"91":0,"92":0,"93":0,"94":0,"95":0,"96":0,"97":0,"98":0,"99":0,"100":0,"101":0,"102":0,"103":0,"104":2,"105":0,"106":0,"107":0,"108":0,"109":0,"110":0,"111":0,"112":0,"113":0,"114":0,"115":0,"116":0,"117":0,"118":2,"119":0,"120":2,"121":0,"122":0,"123":2,"124":0,"125":0,"126":2,"127":4,"128":4,"129":2,"130":4,"131":2,"132":0,"133":0,"134":0,"135":2,"136":0,"137":0,"138":0,"139":0,"140":0,"141":0,"142":0,"143":2,"144":2,"145":2,"146":2,"147":2,"148":2,"149":2,"150":2,"151":2,"152":2,"153":2,"154":2,"155":2,"156":0,"157":0,"158":0,"159":0,"160":2},"f":{"0":2,"1":0,"2":0,"3":0,"4":0,"5":0,"6":0,"7":0,"8":0,"9":0,"10":0,"11":0,"12":0,"13":0,"14":0,"15":0,"16":0,"17":0,"18":0,"19":0,"20":0,"21":4,"22":0,"23":0,"24":0,"25":0,"26":2},"b":{"0":[0,0],"1":[0,0],"2":[0,0],"3":[0,0],"4":[0,0],"5":[0,0],"6":[0,0],"7":[0,0],"8":[0,0],"9":[0,0],"10":[0,0,0,0,0,0,0,0,0],"11":[0,0],"12":[0,0],"13":[0,0],"14":[0,0],"15":[0,0],"16":[0,0],"17":[0,0],"18":[0,0],"19":[0,0],"20":[0,0],"21":[0,0],"22":[0,0],"23":[0,0],"24":[0,0],"25":[0,0],"26":[0,0],"27":[0,0],"28":[0,0],"29":[0,0],"30":[0,0],"31":[0,0],"32":[0,0],"33":[0,0],"34":[0,0],"35":[0,0],"36":[2,2],"37":[0,0],"38":[2,0],"39":[0,2]},"_coverageSchema":"1a1c01bbd47fc00a2c39e90264f33305004495a9","hash":"08e0dac8a3ca519efa03368ce6007e8a44b6a507"}
,"/Users/martingagne/Documents/Web/bitfinex-bot/backend/models/index.js": {"path":"/Users/martingagne/Documents/Web/bitfinex-bot/backend/models/index.js","statementMap":{},"fnMap":{},"branchMap":{},"s":{},"f":{},"b":{},"_coverageSchema":"1a1c01bbd47fc00a2c39e90264f33305004495a9","hash":"7f9e990cb28006cee57dc6afc7e967d75037b79d"}
,"/Users/martingagne/Documents/Web/bitfinex-bot/backend/websockets/WebSocketClients.js": {"path":"/Users/martingagne/Documents/Web/bitfinex-bot/backend/websockets/WebSocketClients.js","statementMap":{"0":{"start":{"line":2,"column":16},"end":{"line":2,"column":18}},"1":{"start":{"line":5,"column":15},"end":{"line":9,"column":3}},"2":{"start":{"line":6,"column":4},"end":{"line":6,"column":40}},"3":{"start":{"line":7,"column":4},"end":{"line":7,"column":24}},"4":{"start":{"line":8,"column":4},"end":{"line":8,"column":61}},"5":{"start":{"line":11,"column":16},"end":{"line":13,"column":3}},"6":{"start":{"line":12,"column":4},"end":{"line":12,"column":18}},"7":{"start":{"line":15,"column":19},"end":{"line":19,"column":3}},"8":{"start":{"line":16,"column":4},"end":{"line":18,"column":6}},"9":{"start":{"line":17,"column":6},"end":{"line":17,"column":39}}},"fnMap":{"0":{"name":"(anonymous_0)","decl":{"start":{"line":5,"column":15},"end":{"line":5,"column":16}},"loc":{"start":{"line":5,"column":25},"end":{"line":9,"column":3}},"line":5},"1":{"name":"(anonymous_1)","decl":{"start":{"line":11,"column":16},"end":{"line":11,"column":17}},"loc":{"start":{"line":11,"column":22},"end":{"line":13,"column":3}},"line":11},"2":{"name":"(anonymous_2)","decl":{"start":{"line":15,"column":19},"end":{"line":15,"column":20}},"loc":{"start":{"line":15,"column":27},"end":{"line":19,"column":3}},"line":15},"3":{"name":"(anonymous_3)","decl":{"start":{"line":16,"column":20},"end":{"line":16,"column":21}},"loc":{"start":{"line":16,"column":30},"end":{"line":18,"column":5}},"line":16}},"branchMap":{},"s":{"0":2,"1":2,"2":0,"3":0,"4":0,"5":2,"6":0,"7":2,"8":0,"9":0},"f":{"0":0,"1":0,"2":0,"3":0},"b":{},"_coverageSchema":"1a1c01bbd47fc00a2c39e90264f33305004495a9","hash":"457e74fb2fe4e406047ab15fb4313c208b430201"}
}
