TN:
SF:controllers/AppController.js
FN:2,(anonymous_0)
FNF:1
FNH:1
FNDA:6,(anonymous_0)
DA:3,6
LF:1
LH:1
BRF:0
BRH:0
end_of_record
TN:
SF:controllers/CandleController.js
FN:8,(anonymous_0)
FN:19,(anonymous_1)
FN:73,(anonymous_2)
FN:77,(anonymous_3)
FN:92,(anonymous_4)
FN:95,(anonymous_5)
FN:106,(anonymous_6)
FNF:7
FNH:7
FNDA:2,(anonymous_0)
FNDA:1,(anonymous_1)
FNDA:1,(anonymous_2)
FNDA:3,(anonymous_3)
FNDA:2,(anonymous_4)
FNDA:1726,(anonymous_5)
FNDA:2,(anonymous_6)
DA:9,2
DA:11,2
DA:19,2
DA:20,1
DA:73,2
DA:74,1
DA:77,2
DA:78,3
DA:79,3
DA:80,3
DA:82,3
DA:83,3
DA:85,3
DA:86,3
DA:87,3
DA:89,3
DA:91,3
DA:93,2
DA:94,2
DA:95,1726
DA:96,2
DA:101,0
DA:103,0
DA:107,2
LF:24
LH:22
BRDA:93,0,0,2
BRDA:93,0,1,0
BRF:2
BRH:1
end_of_record
TN:
SF:controllers/SocketExchangeController.js
FN:6,(anonymous_0)
FN:15,(anonymous_1)
FN:22,(anonymous_2)
FN:27,(anonymous_3)
FNF:4
FNH:1
FNDA:2,(anonymous_0)
FNDA:0,(anonymous_1)
FNDA:0,(anonymous_2)
FNDA:0,(anonymous_3)
DA:7,2
DA:15,2
DA:16,0
DA:17,0
DA:19,0
DA:20,0
DA:22,0
DA:23,0
DA:25,0
DA:27,0
DA:28,0
DA:30,0
DA:34,0
DA:37,0
LF:14
LH:2
BRDA:19,0,0,0
BRDA:19,0,1,0
BRF:2
BRH:0
end_of_record
TN:
SF:controllers/TradingController.js
FN:7,(anonymous_0)
FN:18,(anonymous_1)
FN:32,(anonymous_2)
FN:39,(anonymous_3)
FN:45,(anonymous_4)
FN:48,(anonymous_5)
FN:58,(anonymous_6)
FN:67,(anonymous_7)
FN:76,(anonymous_8)
FN:80,(anonymous_9)
FN:82,(anonymous_10)
FN:83,(anonymous_11)
FN:103,(anonymous_12)
FN:106,(anonymous_13)
FNF:14
FNH:6
FNDA:2,(anonymous_0)
FNDA:0,(anonymous_1)
FNDA:0,(anonymous_2)
FNDA:2,(anonymous_3)
FNDA:0,(anonymous_4)
FNDA:2,(anonymous_5)
FNDA:1,(anonymous_6)
FNDA:1,(anonymous_7)
FNDA:1,(anonymous_8)
FNDA:0,(anonymous_9)
FNDA:0,(anonymous_10)
FNDA:0,(anonymous_11)
FNDA:0,(anonymous_12)
FNDA:0,(anonymous_13)
DA:8,2
DA:10,2
DA:18,2
DA:20,0
DA:21,0
DA:24,0
DA:32,2
DA:33,0
DA:39,2
DA:40,2
DA:41,2
DA:42,2
DA:44,2
DA:46,0
DA:49,2
DA:58,2
DA:59,1
DA:67,2
DA:68,1
DA:76,2
DA:77,1
DA:80,2
DA:81,0
DA:82,0
DA:83,0
DA:84,0
DA:86,0
DA:87,0
DA:88,0
DA:90,0
DA:91,0
DA:99,0
DA:100,0
DA:102,0
DA:104,0
DA:107,0
LF:36
LH:17
BRDA:20,0,0,0
BRDA:20,0,1,0
BRDA:20,1,0,0
BRDA:20,1,1,0
BRDA:84,2,0,0
BRDA:84,2,1,0
BRDA:86,3,0,0
BRDA:86,3,1,0
BRDA:86,4,0,0
BRDA:86,4,1,0
BRDA:88,5,0,0
BRDA:88,5,1,0
BRDA:90,6,0,0
BRDA:90,6,1,0
BRF:14
BRH:0
end_of_record
TN:
SF:controllers/index.js
FNF:0
FNH:0
LF:0
LH:0
BRF:0
BRH:0
end_of_record
TN:
SF:models/Candle.js
FN:6,(anonymous_0)
FN:14,(anonymous_1)
FN:26,(anonymous_2)
FN:52,(anonymous_3)
FN:84,(anonymous_4)
FN:97,(anonymous_5)
FN:98,(anonymous_6)
FN:99,(anonymous_7)
FN:100,(anonymous_8)
FN:104,(anonymous_9)
FN:105,(anonymous_10)
FN:106,(anonymous_11)
FN:107,(anonymous_12)
FN:117,(anonymous_13)
FN:144,(anonymous_14)
FN:157,(anonymous_15)
FN:179,(anonymous_16)
FN:197,(anonymous_17)
FN:215,(anonymous_18)
FN:249,(anonymous_19)
FN:250,(anonymous_20)
FN:259,(anonymous_21)
FN:284,(anonymous_22)
FN:312,(anonymous_23)
FN:339,(anonymous_24)
FNF:25
FNH:8
FNDA:2,(anonymous_0)
FNDA:3,(anonymous_1)
FNDA:3,(anonymous_2)
FNDA:0,(anonymous_3)
FNDA:0,(anonymous_4)
FNDA:0,(anonymous_5)
FNDA:0,(anonymous_6)
FNDA:0,(anonymous_7)
FNDA:0,(anonymous_8)
FNDA:0,(anonymous_9)
FNDA:0,(anonymous_10)
FNDA:0,(anonymous_11)
FNDA:0,(anonymous_12)
FNDA:0,(anonymous_13)
FNDA:0,(anonymous_14)
FNDA:0,(anonymous_15)
FNDA:0,(anonymous_16)
FNDA:0,(anonymous_17)
FNDA:0,(anonymous_18)
FNDA:3,(anonymous_19)
FNDA:1728,(anonymous_20)
FNDA:1728,(anonymous_21)
FNDA:1,(anonymous_22)
FNDA:0,(anonymous_23)
FNDA:1,(anonymous_24)
DA:7,2
DA:8,2
DA:14,2
DA:15,3
DA:16,0
DA:17,0
DA:18,0
DA:19,0
DA:20,0
DA:26,2
DA:27,3
DA:28,0
DA:32,0
DA:33,0
DA:35,0
DA:36,0
DA:37,0
DA:39,0
DA:40,0
DA:42,0
DA:44,0
DA:52,2
DA:54,0
DA:55,0
DA:64,0
DA:65,0
DA:67,0
DA:68,0
DA:69,0
DA:71,0
DA:72,0
DA:74,0
DA:76,0
DA:84,2
DA:85,0
DA:87,0
DA:88,0
DA:90,0
DA:91,0
DA:93,0
DA:94,0
DA:96,0
DA:97,0
DA:98,0
DA:99,0
DA:100,0
DA:103,0
DA:104,0
DA:105,0
DA:106,0
DA:107,0
DA:117,2
DA:118,0
DA:119,0
DA:124,0
DA:125,0
DA:127,0
DA:128,0
DA:129,0
DA:131,0
DA:132,0
DA:134,0
DA:136,0
DA:144,2
DA:145,0
DA:146,0
DA:148,0
DA:149,0
DA:151,0
DA:157,2
DA:158,0
DA:159,0
DA:160,0
DA:162,0
DA:163,0
DA:165,0
DA:166,0
DA:168,0
DA:169,0
DA:171,0
DA:172,0
DA:173,0
DA:179,2
DA:180,0
DA:182,0
DA:197,2
DA:198,0
DA:200,0
DA:215,2
DA:216,0
DA:217,0
DA:218,0
DA:219,0
DA:221,0
DA:222,0
DA:223,0
DA:224,0
DA:226,0
DA:227,0
DA:229,0
DA:230,0
DA:232,0
DA:235,0
DA:236,0
DA:238,0
DA:249,2
DA:250,1728
DA:259,2
DA:260,1728
DA:284,2
DA:285,1
DA:286,1
DA:287,0
DA:288,0
DA:289,0
DA:292,0
DA:293,0
DA:296,0
DA:297,0
DA:298,0
DA:300,0
DA:301,0
DA:303,0
DA:304,0
DA:308,0
DA:311,0
DA:312,0
DA:314,0
DA:315,0
DA:319,0
DA:322,0
DA:323,0
DA:326,0
DA:339,2
DA:340,1
DA:341,1
DA:342,1
DA:343,1
DA:345,1
DA:352,1
LF:140
LH:28
BRDA:39,0,0,0
BRDA:39,0,1,0
BRDA:71,1,0,0
BRDA:71,1,1,0
BRDA:93,2,0,0
BRDA:93,2,1,0
BRDA:131,3,0,0
BRDA:131,3,1,0
BRDA:229,4,0,0
BRDA:229,4,1,0
BRDA:235,5,0,0
BRDA:235,5,1,0
BRDA:286,6,0,0
BRDA:286,6,1,1
BRDA:286,7,0,1
BRDA:286,7,1,0
BRDA:296,8,0,0
BRDA:296,8,1,0
BRDA:298,9,0,0
BRDA:298,9,1,0
BRDA:303,10,0,0
BRDA:303,10,1,0
BRDA:311,11,0,0
BRDA:311,11,1,0
BRDA:322,12,0,0
BRDA:322,12,1,0
BRF:26
BRH:2
end_of_record
TN:
SF:models/SocketExchange.js
FN:6,(anonymous_0)
FN:24,(anonymous_1)
FN:34,(anonymous_2)
FN:43,(anonymous_3)
FN:44,(anonymous_4)
FN:55,(anonymous_5)
FN:89,(anonymous_6)
FNF:7
FNH:1
FNDA:2,(anonymous_0)
FNDA:0,(anonymous_1)
FNDA:0,(anonymous_2)
FNDA:0,(anonymous_3)
FNDA:0,(anonymous_4)
FNDA:0,(anonymous_5)
FNDA:0,(anonymous_6)
DA:7,2
DA:12,2
DA:24,2
DA:25,0
DA:26,0
DA:34,2
DA:35,0
DA:43,2
DA:44,0
DA:45,0
DA:55,2
DA:56,0
DA:57,0
DA:58,0
DA:59,0
DA:60,0
DA:62,0
DA:75,0
DA:89,2
DA:91,0
DA:92,0
DA:93,0
DA:95,0
LF:23
LH:7
BRDA:56,0,0,0
BRDA:56,0,1,0
BRDA:91,1,0,0
BRDA:91,1,1,0
BRDA:92,2,0,0
BRDA:92,2,1,0
BRF:6
BRH:0
end_of_record
TN:
SF:models/Trading.js
FN:5,(anonymous_0)
FN:18,(anonymous_1)
FN:24,(anonymous_2)
FN:53,(anonymous_3)
FN:62,(anonymous_4)
FN:64,(anonymous_5)
FN:74,(anonymous_6)
FN:84,(anonymous_7)
FN:97,(anonymous_8)
FN:109,(anonymous_9)
FN:122,(anonymous_10)
FN:144,(anonymous_11)
FN:174,(anonymous_12)
FN:194,(anonymous_13)
FN:222,(anonymous_14)
FN:248,(anonymous_15)
FN:263,(anonymous_16)
FN:296,(anonymous_17)
FN:330,(anonymous_18)
FN:340,(anonymous_19)
FN:351,(anonymous_20)
FN:362,(anonymous_21)
FN:373,(anonymous_22)
FN:374,(anonymous_23)
FN:380,(anonymous_24)
FN:396,(anonymous_25)
FN:407,(anonymous_26)
FNF:27
FNH:3
FNDA:2,(anonymous_0)
FNDA:0,(anonymous_1)
FNDA:0,(anonymous_2)
FNDA:0,(anonymous_3)
FNDA:0,(anonymous_4)
FNDA:0,(anonymous_5)
FNDA:0,(anonymous_6)
FNDA:0,(anonymous_7)
FNDA:0,(anonymous_8)
FNDA:0,(anonymous_9)
FNDA:0,(anonymous_10)
FNDA:0,(anonymous_11)
FNDA:0,(anonymous_12)
FNDA:0,(anonymous_13)
FNDA:0,(anonymous_14)
FNDA:0,(anonymous_15)
FNDA:0,(anonymous_16)
FNDA:0,(anonymous_17)
FNDA:0,(anonymous_18)
FNDA:0,(anonymous_19)
FNDA:0,(anonymous_20)
FNDA:4,(anonymous_21)
FNDA:0,(anonymous_22)
FNDA:0,(anonymous_23)
FNDA:0,(anonymous_24)
FNDA:0,(anonymous_25)
FNDA:2,(anonymous_26)
DA:6,2
DA:7,2
DA:8,2
DA:9,2
DA:10,2
DA:18,2
DA:19,0
DA:21,0
DA:23,0
DA:24,0
DA:25,0
DA:26,0
DA:28,0
DA:30,0
DA:32,0
DA:36,0
DA:38,0
DA:39,0
DA:41,0
DA:42,0
DA:43,0
DA:44,0
DA:53,2
DA:54,0
DA:62,2
DA:63,0
DA:64,0
DA:67,0
DA:68,0
DA:70,0
DA:74,2
DA:75,0
DA:84,2
DA:85,0
DA:97,2
DA:98,0
DA:99,0
DA:109,0
DA:110,0
DA:113,0
DA:122,2
DA:123,0
DA:128,0
DA:129,0
DA:130,0
DA:132,0
DA:133,0
DA:136,0
DA:144,2
DA:145,0
DA:147,0
DA:148,0
DA:149,0
DA:150,0
DA:151,0
DA:153,0
DA:154,0
DA:155,0
DA:156,0
DA:157,0
DA:159,0
DA:161,0
DA:165,0
DA:174,2
DA:175,0
DA:194,2
DA:195,0
DA:198,0
DA:199,0
DA:200,0
DA:202,0
DA:203,0
DA:204,0
DA:207,0
DA:208,0
DA:213,0
DA:222,2
DA:223,0
DA:226,0
DA:231,0
DA:232,0
DA:234,0
DA:235,0
DA:236,0
DA:239,0
DA:240,0
DA:245,0
DA:248,2
DA:249,0
DA:251,0
DA:263,2
DA:264,0
DA:265,0
DA:266,0
DA:267,0
DA:268,0
DA:270,0
DA:274,0
DA:275,0
DA:278,0
DA:280,0
DA:281,0
DA:283,0
DA:286,0
DA:296,2
DA:297,0
DA:298,0
DA:299,0
DA:300,0
DA:301,0
DA:303,0
DA:308,0
DA:309,0
DA:312,0
DA:314,0
DA:315,0
DA:317,0
DA:320,0
DA:330,2
DA:331,0
DA:340,2
DA:341,0
DA:342,0
DA:351,2
DA:352,0
DA:353,0
DA:362,2
DA:363,4
DA:366,4
DA:367,2
DA:370,4
DA:373,2
DA:374,0
DA:375,0
DA:376,0
DA:380,2
DA:381,0
DA:382,0
DA:396,0
DA:397,0
DA:398,0
DA:401,0
DA:404,0
DA:407,2
DA:408,2
DA:412,2
DA:414,2
DA:415,2
DA:416,2
DA:417,2
DA:418,2
DA:419,2
DA:420,2
DA:421,2
DA:422,2
DA:424,2
DA:425,0
DA:426,0
DA:427,0
DA:433,0
DA:436,2
LF:161
LH:43
BRDA:21,0,0,0
BRDA:21,0,1,0
BRDA:23,1,0,0
BRDA:23,1,1,0
BRDA:25,2,0,0
BRDA:25,2,1,0
BRDA:38,3,0,0
BRDA:38,3,1,0
BRDA:43,4,0,0
BRDA:43,4,1,0
BRDA:67,5,0,0
BRDA:67,5,1,0
BRDA:128,6,0,0
BRDA:128,6,1,0
BRDA:147,7,0,0
BRDA:147,7,1,0
BRDA:148,8,0,0
BRDA:148,8,1,0
BRDA:154,9,0,0
BRDA:154,9,1,0
BRDA:176,10,0,0
BRDA:176,10,1,0
BRDA:176,10,2,0
BRDA:176,10,3,0
BRDA:176,10,4,0
BRDA:176,10,5,0
BRDA:176,10,6,0
BRDA:176,10,7,0
BRDA:176,10,8,0
BRDA:198,11,0,0
BRDA:198,11,1,0
BRDA:202,12,0,0
BRDA:202,12,1,0
BRDA:203,13,0,0
BRDA:203,13,1,0
BRDA:203,14,0,0
BRDA:203,14,1,0
BRDA:207,15,0,0
BRDA:207,15,1,0
BRDA:207,16,0,0
BRDA:207,16,1,0
BRDA:226,17,0,0
BRDA:226,17,1,0
BRDA:234,18,0,0
BRDA:234,18,1,0
BRDA:235,19,0,0
BRDA:235,19,1,0
BRDA:235,20,0,0
BRDA:235,20,1,0
BRDA:239,21,0,0
BRDA:239,21,1,0
BRDA:239,22,0,0
BRDA:239,22,1,0
BRDA:252,23,0,0
BRDA:252,23,1,0
BRDA:266,24,0,0
BRDA:266,24,1,0
BRDA:267,25,0,0
BRDA:267,25,1,0
BRDA:268,26,0,0
BRDA:268,26,1,0
BRDA:270,27,0,0
BRDA:270,27,1,0
BRDA:271,28,0,0
BRDA:271,28,1,0
BRDA:280,29,0,0
BRDA:280,29,1,0
BRDA:299,30,0,0
BRDA:299,30,1,0
BRDA:300,31,0,0
BRDA:300,31,1,0
BRDA:301,32,0,0
BRDA:301,32,1,0
BRDA:303,33,0,0
BRDA:303,33,1,0
BRDA:304,34,0,0
BRDA:304,34,1,0
BRDA:314,35,0,0
BRDA:314,35,1,0
BRDA:366,36,0,2
BRDA:366,36,1,2
BRDA:397,37,0,0
BRDA:397,37,1,0
BRDA:414,38,0,2
BRDA:414,38,1,0
BRDA:424,39,0,0
BRDA:424,39,1,2
BRF:87
BRH:4
end_of_record
TN:
SF:models/index.js
FNF:0
FNH:0
LF:0
LH:0
BRF:0
BRH:0
end_of_record
TN:
SF:websockets/WebSocketClients.js
FN:5,(anonymous_0)
FN:11,(anonymous_1)
FN:15,(anonymous_2)
FN:16,(anonymous_3)
FNF:4
FNH:0
FNDA:0,(anonymous_0)
FNDA:0,(anonymous_1)
FNDA:0,(anonymous_2)
FNDA:0,(anonymous_3)
DA:2,2
DA:5,2
DA:6,0
DA:7,0
DA:8,0
DA:11,2
DA:12,0
DA:15,2
DA:16,0
DA:17,0
LF:10
LH:4
BRF:0
BRH:0
end_of_record
